transformer_3t_2l_b64-l0.0001-h64-d0.6
Carico grafi già salvati
# train raw: 10037, # val: 4302
 Train label distrib: Counter({1: 5036, 0: 5001})
 Val   label distrib: Counter({1: 2159, 0: 2143})
Epoch 001 | Train Loss: 0.6976, Train Acc: 0.4953 | Val Loss: 0.6935, Val Acc: 0.4981 | LR: 0.00000847
Epoch 002 | Train Loss: 0.6905, Train Acc: 0.5091 | Val Loss: 0.6941, Val Acc: 0.4981 | LR: 0.00000847
Epoch 003 | Train Loss: 0.6905, Train Acc: 0.5070 | Val Loss: 0.6959, Val Acc: 0.4981 | LR: 0.00000848
Epoch 004 | Train Loss: 0.6904, Train Acc: 0.5057 | Val Loss: 0.6926, Val Acc: 0.4981 | LR: 0.00000846
Epoch 005 | Train Loss: 0.6897, Train Acc: 0.5147 | Val Loss: 0.6944, Val Acc: 0.4981 | LR: 0.00000847
Epoch 006 | Train Loss: 0.6905, Train Acc: 0.5116 | Val Loss: 0.6909, Val Acc: 0.4981 | LR: 0.00000845
Epoch 007 | Train Loss: 0.6897, Train Acc: 0.5142 | Val Loss: 0.6921, Val Acc: 0.4981 | LR: 0.00000846
Epoch 008 | Train Loss: 0.6904, Train Acc: 0.5068 | Val Loss: 0.6898, Val Acc: 0.4981 | LR: 0.00000845
Epoch 009 | Train Loss: 0.6898, Train Acc: 0.5170 | Val Loss: 0.6905, Val Acc: 0.4981 | LR: 0.00000845
Epoch 010 | Train Loss: 0.6896, Train Acc: 0.5207 | Val Loss: 0.6899, Val Acc: 0.4981 | LR: 0.00000845
Epoch 011 | Train Loss: 0.6896, Train Acc: 0.5159 | Val Loss: 0.6902, Val Acc: 0.4981 | LR: 0.00000845
Epoch 012 | Train Loss: 0.6891, Train Acc: 0.5252 | Val Loss: 0.6900, Val Acc: 0.4981 | LR: 0.00000845
Epoch 013 | Train Loss: 0.6885, Train Acc: 0.5254 | Val Loss: 0.6882, Val Acc: 0.5012 | LR: 0.00000844
Epoch 014 | Train Loss: 0.6885, Train Acc: 0.5363 | Val Loss: 0.6905, Val Acc: 0.4981 | LR: 0.00000845
Epoch 015 | Train Loss: 0.6889, Train Acc: 0.5297 | Val Loss: 0.6897, Val Acc: 0.4981 | LR: 0.00000845
Epoch 016 | Train Loss: 0.6880, Train Acc: 0.5406 | Val Loss: 0.6878, Val Acc: 0.4981 | LR: 0.00000844
Epoch 017 | Train Loss: 0.6877, Train Acc: 0.5401 | Val Loss: 0.6880, Val Acc: 0.4981 | LR: 0.00000844
Epoch 018 | Train Loss: 0.6877, Train Acc: 0.5452 | Val Loss: 0.6873, Val Acc: 0.4981 | LR: 0.00000844
Epoch 019 | Train Loss: 0.6874, Train Acc: 0.5456 | Val Loss: 0.6865, Val Acc: 0.4974 | LR: 0.00000843
Epoch 020 | Train Loss: 0.6868, Train Acc: 0.5609 | Val Loss: 0.6875, Val Acc: 0.4981 | LR: 0.00000844
Epoch 021 | Train Loss: 0.6865, Train Acc: 0.5615 | Val Loss: 0.6879, Val Acc: 0.4981 | LR: 0.00000844
Epoch 022 | Train Loss: 0.6855, Train Acc: 0.5717 | Val Loss: 0.6858, Val Acc: 0.4981 | LR: 0.00000843
Epoch 023 | Train Loss: 0.6841, Train Acc: 0.5869 | Val Loss: 0.6865, Val Acc: 0.4981 | LR: 0.00000843
Epoch 024 | Train Loss: 0.6822, Train Acc: 0.6015 | Val Loss: 0.6868, Val Acc: 0.4981 | LR: 0.00000843
Epoch 025 | Train Loss: 0.6800, Train Acc: 0.6267 | Val Loss: 0.6871, Val Acc: 0.4981 | LR: 0.00000844
Epoch 026 | Train Loss: 0.6775, Train Acc: 0.6137 | Val Loss: 0.6884, Val Acc: 0.4981 | LR: 0.00000844
Epoch 027 | Train Loss: 0.6761, Train Acc: 0.6268 | Val Loss: 0.6994, Val Acc: 0.4981 | LR: 0.00000850
Epoch 028 | Train Loss: 0.6730, Train Acc: 0.6608 | Val Loss: 0.6981, Val Acc: 0.4981 | LR: 0.00000849
Epoch 029 | Train Loss: 0.6694, Train Acc: 0.6634 | Val Loss: 0.7052, Val Acc: 0.4981 | LR: 0.00000853
Epoch 030 | Train Loss: 0.6661, Train Acc: 0.6844 | Val Loss: 0.7137, Val Acc: 0.4981 | LR: 0.00000857
Epoch 031 | Train Loss: 0.6637, Train Acc: 0.6679 | Val Loss: 0.7259, Val Acc: 0.4981 | LR: 0.00000863
Epoch 032 | Train Loss: 0.6595, Train Acc: 0.6826 | Val Loss: 0.7373, Val Acc: 0.4981 | LR: 0.00000869
Epoch 033 | Train Loss: 0.6567, Train Acc: 0.6884 | Val Loss: 0.7546, Val Acc: 0.4981 | LR: 0.00000877
Epoch 034 | Train Loss: 0.6511, Train Acc: 0.6860 | Val Loss: 0.7932, Val Acc: 0.4981 | LR: 0.00000897
Epoch 035 | Train Loss: 0.6486, Train Acc: 0.6923 | Val Loss: 0.7917, Val Acc: 0.4981 | LR: 0.00000896
Epoch 036 | Train Loss: 0.6458, Train Acc: 0.6904 | Val Loss: 0.8449, Val Acc: 0.4981 | LR: 0.00000922
Epoch 037 | Train Loss: 0.6420, Train Acc: 0.6747 | Val Loss: 0.8872, Val Acc: 0.4981 | LR: 0.00000944
Epoch 038 | Train Loss: 0.6364, Train Acc: 0.6959 | Val Loss: 0.9104, Val Acc: 0.4981 | LR: 0.00000955
Epoch 039 | Train Loss: 0.6328, Train Acc: 0.6939 | Val Loss: 0.9179, Val Acc: 0.4981 | LR: 0.00000959
Epoch 040 | Train Loss: 0.6268, Train Acc: 0.6976 | Val Loss: 1.0143, Val Acc: 0.4981 | LR: 0.00001007
Epoch 041 | Train Loss: 0.6217, Train Acc: 0.7018 | Val Loss: 1.0258, Val Acc: 0.4981 | LR: 0.00001013
Epoch 042 | Train Loss: 0.6172, Train Acc: 0.7020 | Val Loss: 1.0386, Val Acc: 0.4981 | LR: 0.00001019
Epoch 043 | Train Loss: 0.6172, Train Acc: 0.6930 | Val Loss: 1.1296, Val Acc: 0.4981 | LR: 0.00001065
Epoch 044 | Train Loss: 0.6114, Train Acc: 0.7058 | Val Loss: 1.1613, Val Acc: 0.4981 | LR: 0.00001081
Epoch 045 | Train Loss: 0.6043, Train Acc: 0.7131 | Val Loss: 1.2170, Val Acc: 0.4981 | LR: 0.00001108
Epoch 046 | Train Loss: 0.6020, Train Acc: 0.7076 | Val Loss: 1.2734, Val Acc: 0.4981 | LR: 0.00001137
Epoch 047 | Train Loss: 0.5992, Train Acc: 0.7065 | Val Loss: 1.2248, Val Acc: 0.4981 | LR: 0.00001112
Epoch 048 | Train Loss: 0.5931, Train Acc: 0.7111 | Val Loss: 1.3032, Val Acc: 0.4981 | LR: 0.00001152
Epoch 049 | Train Loss: 0.5899, Train Acc: 0.7124 | Val Loss: 1.3732, Val Acc: 0.4981 | LR: 0.00001187
Epoch 050 | Train Loss: 0.5834, Train Acc: 0.7178 | Val Loss: 1.4784, Val Acc: 0.4981 | LR: 0.00001239
Epoch 051 | Train Loss: 0.5860, Train Acc: 0.7082 | Val Loss: 1.5227, Val Acc: 0.4981 | LR: 0.00001261
Epoch 052 | Train Loss: 0.5781, Train Acc: 0.7218 | Val Loss: 1.5361, Val Acc: 0.4981 | LR: 0.00001268
Epoch 053 | Train Loss: 0.5714, Train Acc: 0.7300 | Val Loss: 1.5896, Val Acc: 0.4981 | LR: 0.00001295
Epoch 054 | Train Loss: 0.5753, Train Acc: 0.7174 | Val Loss: 1.7513, Val Acc: 0.4981 | LR: 0.00001376
Epoch 055 | Train Loss: 0.5698, Train Acc: 0.7205 | Val Loss: 1.7479, Val Acc: 0.4981 | LR: 0.00001374
Epoch 056 | Train Loss: 0.5683, Train Acc: 0.7207 | Val Loss: 1.7034, Val Acc: 0.4981 | LR: 0.00001352
Epoch 057 | Train Loss: 0.5572, Train Acc: 0.7350 | Val Loss: 1.8208, Val Acc: 0.4981 | LR: 0.00001410
Epoch 058 | Train Loss: 0.5605, Train Acc: 0.7265 | Val Loss: 1.8269, Val Acc: 0.4981 | LR: 0.00001413
Epoch 059 | Train Loss: 0.5574, Train Acc: 0.7296 | Val Loss: 1.9153, Val Acc: 0.4981 | LR: 0.00001458
Epoch 060 | Train Loss: 0.5481, Train Acc: 0.7432 | Val Loss: 1.9299, Val Acc: 0.4981 | LR: 0.00001465
Epoch 061 | Train Loss: 0.5493, Train Acc: 0.7373 | Val Loss: 2.0594, Val Acc: 0.4981 | LR: 0.00001530
Epoch 062 | Train Loss: 0.5412, Train Acc: 0.7450 | Val Loss: 1.9350, Val Acc: 0.4981 | LR: 0.00001467
Epoch 063 | Train Loss: 0.5439, Train Acc: 0.7349 | Val Loss: 2.1065, Val Acc: 0.4981 | LR: 0.00001553
Epoch 064 | Train Loss: 0.5338, Train Acc: 0.7510 | Val Loss: 2.1317, Val Acc: 0.4981 | LR: 0.00001566
Epoch 065 | Train Loss: 0.5297, Train Acc: 0.7499 | Val Loss: 2.1789, Val Acc: 0.4981 | LR: 0.00001589
Epoch 066 | Train Loss: 0.5309, Train Acc: 0.7471 | Val Loss: 2.2363, Val Acc: 0.4981 | LR: 0.00001618
Epoch 067 | Train Loss: 0.5215, Train Acc: 0.7591 | Val Loss: 2.2305, Val Acc: 0.4981 | LR: 0.00001615
Epoch 068 | Train Loss: 0.5142, Train Acc: 0.7657 | Val Loss: 2.2370, Val Acc: 0.4981 | LR: 0.00001619
Epoch 069 | Train Loss: 0.5179, Train Acc: 0.7532 | Val Loss: 2.2472, Val Acc: 0.4981 | LR: 0.00001624
Epoch 070 | Train Loss: 0.5137, Train Acc: 0.7576 | Val Loss: 2.3240, Val Acc: 0.4981 | LR: 0.00001662
Epoch 071 | Train Loss: 0.5097, Train Acc: 0.7645 | Val Loss: 2.3329, Val Acc: 0.4981 | LR: 0.00001666
Epoch 072 | Train Loss: 0.5027, Train Acc: 0.7696 | Val Loss: 2.3383, Val Acc: 0.4981 | LR: 0.00001669
Early stopping at epoch 72 (no improvement for 50 epochs)
