transformer_2t_2l_b32-l1e-05-h64-d0.6
Carico grafi già salvati
# train raw: 10037, # val: 4302
 Train label distrib: Counter({1: 5036, 0: 5001})
 Val   label distrib: Counter({1: 2159, 0: 2143})
Epoch 001 | Train Loss: 0.6932, Train Acc: 0.5060 | Val Loss: 0.6951, Val Acc: 0.4981 | LR: 0.00000085
Epoch 002 | Train Loss: 0.6923, Train Acc: 0.4962 | Val Loss: 0.6924, Val Acc: 0.4988 | LR: 0.00000085
Epoch 003 | Train Loss: 0.6913, Train Acc: 0.4976 | Val Loss: 0.6914, Val Acc: 0.5156 | LR: 0.00000085
Epoch 004 | Train Loss: 0.6912, Train Acc: 0.4973 | Val Loss: 0.6913, Val Acc: 0.4363 | LR: 0.00000085
Epoch 005 | Train Loss: 0.6912, Train Acc: 0.4886 | Val Loss: 0.6913, Val Acc: 0.4428 | LR: 0.00000085
Epoch 006 | Train Loss: 0.6912, Train Acc: 0.4878 | Val Loss: 0.6913, Val Acc: 0.4558 | LR: 0.00000085
Epoch 007 | Train Loss: 0.6915, Train Acc: 0.4855 | Val Loss: 0.6912, Val Acc: 0.4496 | LR: 0.00000085
Epoch 008 | Train Loss: 0.6912, Train Acc: 0.4928 | Val Loss: 0.6913, Val Acc: 0.4900 | LR: 0.00000085
Epoch 009 | Train Loss: 0.6912, Train Acc: 0.4935 | Val Loss: 0.6912, Val Acc: 0.4888 | LR: 0.00000085
Epoch 010 | Train Loss: 0.6910, Train Acc: 0.4944 | Val Loss: 0.6912, Val Acc: 0.5019 | LR: 0.00000085
Epoch 011 | Train Loss: 0.6909, Train Acc: 0.5007 | Val Loss: 0.6912, Val Acc: 0.4410 | LR: 0.00000085
Epoch 012 | Train Loss: 0.6912, Train Acc: 0.4906 | Val Loss: 0.6911, Val Acc: 0.4598 | LR: 0.00000085
Epoch 013 | Train Loss: 0.6911, Train Acc: 0.4910 | Val Loss: 0.6912, Val Acc: 0.5225 | LR: 0.00000085
Epoch 014 | Train Loss: 0.6911, Train Acc: 0.5017 | Val Loss: 0.6912, Val Acc: 0.5181 | LR: 0.00000085
Epoch 015 | Train Loss: 0.6909, Train Acc: 0.4996 | Val Loss: 0.6912, Val Acc: 0.5191 | LR: 0.00000085
Epoch 016 | Train Loss: 0.6909, Train Acc: 0.5031 | Val Loss: 0.6911, Val Acc: 0.4577 | LR: 0.00000085
Epoch 017 | Train Loss: 0.6912, Train Acc: 0.4942 | Val Loss: 0.6915, Val Acc: 0.5000 | LR: 0.00000085
Epoch 018 | Train Loss: 0.6911, Train Acc: 0.4950 | Val Loss: 0.6911, Val Acc: 0.5237 | LR: 0.00000085
Epoch 019 | Train Loss: 0.6913, Train Acc: 0.4915 | Val Loss: 0.6911, Val Acc: 0.5160 | LR: 0.00000085
Epoch 020 | Train Loss: 0.6908, Train Acc: 0.4968 | Val Loss: 0.6911, Val Acc: 0.5195 | LR: 0.00000085
Epoch 021 | Train Loss: 0.6910, Train Acc: 0.5033 | Val Loss: 0.6913, Val Acc: 0.5019 | LR: 0.00000085
Epoch 022 | Train Loss: 0.6909, Train Acc: 0.5010 | Val Loss: 0.6912, Val Acc: 0.5053 | LR: 0.00000085
Epoch 023 | Train Loss: 0.6909, Train Acc: 0.5075 | Val Loss: 0.6912, Val Acc: 0.5046 | LR: 0.00000085
Epoch 024 | Train Loss: 0.6908, Train Acc: 0.4963 | Val Loss: 0.6909, Val Acc: 0.4995 | LR: 0.00000085
Epoch 025 | Train Loss: 0.6911, Train Acc: 0.4980 | Val Loss: 0.6911, Val Acc: 0.5116 | LR: 0.00000085
Epoch 026 | Train Loss: 0.6911, Train Acc: 0.4959 | Val Loss: 0.6912, Val Acc: 0.5019 | LR: 0.00000085
Epoch 027 | Train Loss: 0.6909, Train Acc: 0.5023 | Val Loss: 0.6911, Val Acc: 0.5091 | LR: 0.00000085
Epoch 028 | Train Loss: 0.6906, Train Acc: 0.5071 | Val Loss: 0.6911, Val Acc: 0.5079 | LR: 0.00000085
Epoch 029 | Train Loss: 0.6906, Train Acc: 0.5083 | Val Loss: 0.6909, Val Acc: 0.5172 | LR: 0.00000085
Epoch 030 | Train Loss: 0.6907, Train Acc: 0.4981 | Val Loss: 0.6910, Val Acc: 0.5079 | LR: 0.00000085
Epoch 031 | Train Loss: 0.6908, Train Acc: 0.5023 | Val Loss: 0.6908, Val Acc: 0.5244 | LR: 0.00000085
Epoch 032 | Train Loss: 0.6908, Train Acc: 0.5004 | Val Loss: 0.6908, Val Acc: 0.5274 | LR: 0.00000085
Epoch 033 | Train Loss: 0.6903, Train Acc: 0.5134 | Val Loss: 0.6908, Val Acc: 0.5186 | LR: 0.00000085
Epoch 034 | Train Loss: 0.6909, Train Acc: 0.5019 | Val Loss: 0.6909, Val Acc: 0.5086 | LR: 0.00000085
Epoch 035 | Train Loss: 0.6907, Train Acc: 0.5065 | Val Loss: 0.6909, Val Acc: 0.5109 | LR: 0.00000085
Epoch 036 | Train Loss: 0.6906, Train Acc: 0.5056 | Val Loss: 0.6909, Val Acc: 0.5072 | LR: 0.00000085
Epoch 037 | Train Loss: 0.6907, Train Acc: 0.5040 | Val Loss: 0.6911, Val Acc: 0.5009 | LR: 0.00000085
Epoch 038 | Train Loss: 0.6906, Train Acc: 0.5120 | Val Loss: 0.6911, Val Acc: 0.5007 | LR: 0.00000085
Epoch 039 | Train Loss: 0.6902, Train Acc: 0.5234 | Val Loss: 0.6913, Val Acc: 0.4991 | LR: 0.00000085
Epoch 040 | Train Loss: 0.6907, Train Acc: 0.5112 | Val Loss: 0.6915, Val Acc: 0.4988 | LR: 0.00000085
Epoch 041 | Train Loss: 0.6905, Train Acc: 0.5058 | Val Loss: 0.6907, Val Acc: 0.5214 | LR: 0.00000085
Epoch 042 | Train Loss: 0.6903, Train Acc: 0.5151 | Val Loss: 0.6906, Val Acc: 0.5291 | LR: 0.00000085
Epoch 043 | Train Loss: 0.6903, Train Acc: 0.5164 | Val Loss: 0.6913, Val Acc: 0.4991 | LR: 0.00000085
Epoch 044 | Train Loss: 0.6903, Train Acc: 0.5115 | Val Loss: 0.6907, Val Acc: 0.5084 | LR: 0.00000085
Epoch 045 | Train Loss: 0.6906, Train Acc: 0.5095 | Val Loss: 0.6908, Val Acc: 0.5035 | LR: 0.00000085
Epoch 046 | Train Loss: 0.6904, Train Acc: 0.5166 | Val Loss: 0.6909, Val Acc: 0.5009 | LR: 0.00000085
Epoch 047 | Train Loss: 0.6900, Train Acc: 0.5128 | Val Loss: 0.6908, Val Acc: 0.5019 | LR: 0.00000085
Epoch 048 | Train Loss: 0.6900, Train Acc: 0.5119 | Val Loss: 0.6909, Val Acc: 0.5009 | LR: 0.00000085
Epoch 049 | Train Loss: 0.6902, Train Acc: 0.5135 | Val Loss: 0.6904, Val Acc: 0.5295 | LR: 0.00000085
Epoch 050 | Train Loss: 0.6903, Train Acc: 0.5082 | Val Loss: 0.6906, Val Acc: 0.5056 | LR: 0.00000085
Epoch 051 | Train Loss: 0.6903, Train Acc: 0.5104 | Val Loss: 0.6909, Val Acc: 0.5005 | LR: 0.00000085
Epoch 052 | Train Loss: 0.6905, Train Acc: 0.5112 | Val Loss: 0.6910, Val Acc: 0.4991 | LR: 0.00000085
Epoch 053 | Train Loss: 0.6905, Train Acc: 0.5084 | Val Loss: 0.6906, Val Acc: 0.5042 | LR: 0.00000085
Epoch 054 | Train Loss: 0.6901, Train Acc: 0.5193 | Val Loss: 0.6915, Val Acc: 0.4981 | LR: 0.00000085
Epoch 055 | Train Loss: 0.6904, Train Acc: 0.5126 | Val Loss: 0.6913, Val Acc: 0.4984 | LR: 0.00000085
Epoch 056 | Train Loss: 0.6900, Train Acc: 0.5326 | Val Loss: 0.6914, Val Acc: 0.4981 | LR: 0.00000085
Epoch 057 | Train Loss: 0.6901, Train Acc: 0.5184 | Val Loss: 0.6912, Val Acc: 0.4988 | LR: 0.00000085
Epoch 058 | Train Loss: 0.6901, Train Acc: 0.5142 | Val Loss: 0.6909, Val Acc: 0.4998 | LR: 0.00000085
Epoch 059 | Train Loss: 0.6899, Train Acc: 0.5173 | Val Loss: 0.6910, Val Acc: 0.4991 | LR: 0.00000085
Epoch 060 | Train Loss: 0.6902, Train Acc: 0.5093 | Val Loss: 0.6915, Val Acc: 0.4981 | LR: 0.00000085
Epoch 061 | Train Loss: 0.6898, Train Acc: 0.5261 | Val Loss: 0.6921, Val Acc: 0.4981 | LR: 0.00000085
Epoch 062 | Train Loss: 0.6897, Train Acc: 0.5249 | Val Loss: 0.6906, Val Acc: 0.5014 | LR: 0.00000085
Epoch 063 | Train Loss: 0.6899, Train Acc: 0.5221 | Val Loss: 0.6910, Val Acc: 0.4988 | LR: 0.00000085
Epoch 064 | Train Loss: 0.6894, Train Acc: 0.5270 | Val Loss: 0.6915, Val Acc: 0.4981 | LR: 0.00000085
Epoch 065 | Train Loss: 0.6897, Train Acc: 0.5243 | Val Loss: 0.6908, Val Acc: 0.4993 | LR: 0.00000085
Epoch 066 | Train Loss: 0.6899, Train Acc: 0.5209 | Val Loss: 0.6915, Val Acc: 0.4981 | LR: 0.00000085
Epoch 067 | Train Loss: 0.6899, Train Acc: 0.5257 | Val Loss: 0.6913, Val Acc: 0.4981 | LR: 0.00000085
Epoch 068 | Train Loss: 0.6897, Train Acc: 0.5235 | Val Loss: 0.6905, Val Acc: 0.5005 | LR: 0.00000085
Epoch 069 | Train Loss: 0.6898, Train Acc: 0.5218 | Val Loss: 0.6908, Val Acc: 0.4988 | LR: 0.00000085
Epoch 070 | Train Loss: 0.6896, Train Acc: 0.5265 | Val Loss: 0.6910, Val Acc: 0.4984 | LR: 0.00000085
Epoch 071 | Train Loss: 0.6898, Train Acc: 0.5173 | Val Loss: 0.6918, Val Acc: 0.4981 | LR: 0.00000085
Epoch 072 | Train Loss: 0.6895, Train Acc: 0.5269 | Val Loss: 0.6917, Val Acc: 0.4981 | LR: 0.00000085
Epoch 073 | Train Loss: 0.6895, Train Acc: 0.5243 | Val Loss: 0.6914, Val Acc: 0.4981 | LR: 0.00000085
Epoch 074 | Train Loss: 0.6895, Train Acc: 0.5244 | Val Loss: 0.6914, Val Acc: 0.4981 | LR: 0.00000085
Epoch 075 | Train Loss: 0.6898, Train Acc: 0.5224 | Val Loss: 0.6913, Val Acc: 0.4981 | LR: 0.00000085
Epoch 076 | Train Loss: 0.6891, Train Acc: 0.5370 | Val Loss: 0.6913, Val Acc: 0.4981 | LR: 0.00000085
Epoch 077 | Train Loss: 0.6893, Train Acc: 0.5265 | Val Loss: 0.6914, Val Acc: 0.4981 | LR: 0.00000085
Epoch 078 | Train Loss: 0.6891, Train Acc: 0.5394 | Val Loss: 0.6920, Val Acc: 0.4981 | LR: 0.00000085
Epoch 079 | Train Loss: 0.6898, Train Acc: 0.5213 | Val Loss: 0.6916, Val Acc: 0.4981 | LR: 0.00000085
Epoch 080 | Train Loss: 0.6890, Train Acc: 0.5358 | Val Loss: 0.6916, Val Acc: 0.4981 | LR: 0.00000085
Epoch 081 | Train Loss: 0.6887, Train Acc: 0.5392 | Val Loss: 0.6913, Val Acc: 0.4981 | LR: 0.00000085
Epoch 082 | Train Loss: 0.6891, Train Acc: 0.5286 | Val Loss: 0.6915, Val Acc: 0.4981 | LR: 0.00000085
Epoch 083 | Train Loss: 0.6892, Train Acc: 0.5297 | Val Loss: 0.6910, Val Acc: 0.4984 | LR: 0.00000085
Epoch 084 | Train Loss: 0.6886, Train Acc: 0.5419 | Val Loss: 0.6919, Val Acc: 0.4981 | LR: 0.00000085
Epoch 085 | Train Loss: 0.6886, Train Acc: 0.5405 | Val Loss: 0.6926, Val Acc: 0.4981 | LR: 0.00000085
Epoch 086 | Train Loss: 0.6885, Train Acc: 0.5485 | Val Loss: 0.6925, Val Acc: 0.4981 | LR: 0.00000085
Epoch 087 | Train Loss: 0.6889, Train Acc: 0.5371 | Val Loss: 0.6919, Val Acc: 0.4981 | LR: 0.00000085
Epoch 088 | Train Loss: 0.6884, Train Acc: 0.5393 | Val Loss: 0.6915, Val Acc: 0.4981 | LR: 0.00000085
Epoch 089 | Train Loss: 0.6889, Train Acc: 0.5311 | Val Loss: 0.6921, Val Acc: 0.4981 | LR: 0.00000085
Epoch 090 | Train Loss: 0.6887, Train Acc: 0.5347 | Val Loss: 0.6929, Val Acc: 0.4981 | LR: 0.00000085
Epoch 091 | Train Loss: 0.6886, Train Acc: 0.5393 | Val Loss: 0.6942, Val Acc: 0.4981 | LR: 0.00000085
Epoch 092 | Train Loss: 0.6890, Train Acc: 0.5325 | Val Loss: 0.6928, Val Acc: 0.4981 | LR: 0.00000085
Epoch 093 | Train Loss: 0.6886, Train Acc: 0.5393 | Val Loss: 0.6929, Val Acc: 0.4981 | LR: 0.00000085
Epoch 094 | Train Loss: 0.6886, Train Acc: 0.5402 | Val Loss: 0.6930, Val Acc: 0.4981 | LR: 0.00000085
Epoch 095 | Train Loss: 0.6887, Train Acc: 0.5415 | Val Loss: 0.6945, Val Acc: 0.4981 | LR: 0.00000085
Epoch 096 | Train Loss: 0.6887, Train Acc: 0.5428 | Val Loss: 0.6952, Val Acc: 0.4981 | LR: 0.00000085
Epoch 097 | Train Loss: 0.6885, Train Acc: 0.5453 | Val Loss: 0.6957, Val Acc: 0.4981 | LR: 0.00000085
Epoch 098 | Train Loss: 0.6883, Train Acc: 0.5461 | Val Loss: 0.6945, Val Acc: 0.4981 | LR: 0.00000085
Epoch 099 | Train Loss: 0.6881, Train Acc: 0.5541 | Val Loss: 0.6964, Val Acc: 0.4981 | LR: 0.00000085
Early stopping at epoch 99 (no improvement for 50 epochs)
Test Loss: 0.6988, Test Acc: 0.3656
Confusion matrix per tumor_id:
CRC1502: TP=79, FP=0, FN=4747, TN=0
CRC0322: TP=0, FP=158, FN=0, TN=2748
