transformer_3t_2l_b32-l5e-06-h64-d0.4
Carico grafi già salvati
# train raw: 10037, # val: 4302
 Train label distrib: Counter({1: 5036, 0: 5001})
 Val   label distrib: Counter({1: 2159, 0: 2143})
Epoch 001 | Train Loss: 0.6909, Train Acc: 0.4996 | Val Loss: 0.6905, Val Acc: 0.4981 | LR: 0.00000042
Epoch 002 | Train Loss: 0.6906, Train Acc: 0.5059 | Val Loss: 0.6904, Val Acc: 0.4981 | LR: 0.00000042
Epoch 003 | Train Loss: 0.6905, Train Acc: 0.5040 | Val Loss: 0.6903, Val Acc: 0.4981 | LR: 0.00000042
Epoch 004 | Train Loss: 0.6906, Train Acc: 0.5053 | Val Loss: 0.6903, Val Acc: 0.4981 | LR: 0.00000042
Epoch 005 | Train Loss: 0.6904, Train Acc: 0.5091 | Val Loss: 0.6904, Val Acc: 0.4981 | LR: 0.00000042
Epoch 006 | Train Loss: 0.6905, Train Acc: 0.5067 | Val Loss: 0.6903, Val Acc: 0.4981 | LR: 0.00000042
Epoch 007 | Train Loss: 0.6904, Train Acc: 0.5066 | Val Loss: 0.6903, Val Acc: 0.4981 | LR: 0.00000042
Epoch 008 | Train Loss: 0.6903, Train Acc: 0.5134 | Val Loss: 0.6902, Val Acc: 0.4981 | LR: 0.00000042
Epoch 009 | Train Loss: 0.6902, Train Acc: 0.5205 | Val Loss: 0.6904, Val Acc: 0.4981 | LR: 0.00000042
Epoch 010 | Train Loss: 0.6902, Train Acc: 0.5197 | Val Loss: 0.6901, Val Acc: 0.4981 | LR: 0.00000042
Epoch 011 | Train Loss: 0.6902, Train Acc: 0.5153 | Val Loss: 0.6900, Val Acc: 0.4981 | LR: 0.00000042
Epoch 012 | Train Loss: 0.6901, Train Acc: 0.5135 | Val Loss: 0.6900, Val Acc: 0.4981 | LR: 0.00000042
Epoch 013 | Train Loss: 0.6895, Train Acc: 0.5270 | Val Loss: 0.6897, Val Acc: 0.4981 | LR: 0.00000042
Epoch 014 | Train Loss: 0.6900, Train Acc: 0.5217 | Val Loss: 0.6900, Val Acc: 0.4981 | LR: 0.00000042
Epoch 015 | Train Loss: 0.6896, Train Acc: 0.5305 | Val Loss: 0.6898, Val Acc: 0.4981 | LR: 0.00000042
Epoch 016 | Train Loss: 0.6897, Train Acc: 0.5304 | Val Loss: 0.6897, Val Acc: 0.4981 | LR: 0.00000042
Epoch 017 | Train Loss: 0.6894, Train Acc: 0.5329 | Val Loss: 0.6896, Val Acc: 0.4981 | LR: 0.00000042
Epoch 018 | Train Loss: 0.6897, Train Acc: 0.5310 | Val Loss: 0.6899, Val Acc: 0.4981 | LR: 0.00000042
Epoch 019 | Train Loss: 0.6892, Train Acc: 0.5412 | Val Loss: 0.6895, Val Acc: 0.4981 | LR: 0.00000042
Epoch 020 | Train Loss: 0.6896, Train Acc: 0.5322 | Val Loss: 0.6895, Val Acc: 0.4981 | LR: 0.00000042
Epoch 021 | Train Loss: 0.6895, Train Acc: 0.5343 | Val Loss: 0.6893, Val Acc: 0.4981 | LR: 0.00000042
Epoch 022 | Train Loss: 0.6890, Train Acc: 0.5444 | Val Loss: 0.6891, Val Acc: 0.4984 | LR: 0.00000042
Epoch 023 | Train Loss: 0.6893, Train Acc: 0.5377 | Val Loss: 0.6893, Val Acc: 0.4981 | LR: 0.00000042
Epoch 024 | Train Loss: 0.6890, Train Acc: 0.5437 | Val Loss: 0.6896, Val Acc: 0.4981 | LR: 0.00000042
Epoch 025 | Train Loss: 0.6890, Train Acc: 0.5366 | Val Loss: 0.6897, Val Acc: 0.4981 | LR: 0.00000042
Epoch 026 | Train Loss: 0.6886, Train Acc: 0.5518 | Val Loss: 0.6891, Val Acc: 0.4981 | LR: 0.00000042
Epoch 027 | Train Loss: 0.6888, Train Acc: 0.5492 | Val Loss: 0.6888, Val Acc: 0.4981 | LR: 0.00000042
Epoch 028 | Train Loss: 0.6882, Train Acc: 0.5569 | Val Loss: 0.6886, Val Acc: 0.4984 | LR: 0.00000042
Epoch 029 | Train Loss: 0.6882, Train Acc: 0.5583 | Val Loss: 0.6885, Val Acc: 0.4984 | LR: 0.00000042
Epoch 030 | Train Loss: 0.6881, Train Acc: 0.5693 | Val Loss: 0.6886, Val Acc: 0.4984 | LR: 0.00000042
Epoch 031 | Train Loss: 0.6879, Train Acc: 0.5655 | Val Loss: 0.6882, Val Acc: 0.4986 | LR: 0.00000042
Epoch 032 | Train Loss: 0.6875, Train Acc: 0.5738 | Val Loss: 0.6883, Val Acc: 0.4984 | LR: 0.00000042
Epoch 033 | Train Loss: 0.6877, Train Acc: 0.5745 | Val Loss: 0.6882, Val Acc: 0.4984 | LR: 0.00000042
Epoch 034 | Train Loss: 0.6871, Train Acc: 0.5854 | Val Loss: 0.6879, Val Acc: 0.4998 | LR: 0.00000042
Epoch 035 | Train Loss: 0.6874, Train Acc: 0.5818 | Val Loss: 0.6881, Val Acc: 0.4984 | LR: 0.00000042
Epoch 036 | Train Loss: 0.6873, Train Acc: 0.5827 | Val Loss: 0.6879, Val Acc: 0.4984 | LR: 0.00000042
Epoch 037 | Train Loss: 0.6870, Train Acc: 0.5765 | Val Loss: 0.6877, Val Acc: 0.4986 | LR: 0.00000042
Epoch 038 | Train Loss: 0.6863, Train Acc: 0.5917 | Val Loss: 0.6871, Val Acc: 0.5174 | LR: 0.00000042
Epoch 039 | Train Loss: 0.6867, Train Acc: 0.5818 | Val Loss: 0.6873, Val Acc: 0.5026 | LR: 0.00000042
Epoch 040 | Train Loss: 0.6862, Train Acc: 0.5862 | Val Loss: 0.6870, Val Acc: 0.5105 | LR: 0.00000042
Epoch 041 | Train Loss: 0.6860, Train Acc: 0.5920 | Val Loss: 0.6869, Val Acc: 0.5072 | LR: 0.00000042
Epoch 042 | Train Loss: 0.6855, Train Acc: 0.6080 | Val Loss: 0.6867, Val Acc: 0.5123 | LR: 0.00000042
Epoch 043 | Train Loss: 0.6855, Train Acc: 0.5995 | Val Loss: 0.6868, Val Acc: 0.5028 | LR: 0.00000042
Epoch 044 | Train Loss: 0.6854, Train Acc: 0.5962 | Val Loss: 0.6865, Val Acc: 0.5121 | LR: 0.00000042
Epoch 045 | Train Loss: 0.6848, Train Acc: 0.6111 | Val Loss: 0.6866, Val Acc: 0.5037 | LR: 0.00000042
Epoch 046 | Train Loss: 0.6848, Train Acc: 0.5999 | Val Loss: 0.6860, Val Acc: 0.5256 | LR: 0.00000042
Epoch 047 | Train Loss: 0.6852, Train Acc: 0.6003 | Val Loss: 0.6865, Val Acc: 0.5021 | LR: 0.00000042
Epoch 048 | Train Loss: 0.6846, Train Acc: 0.6042 | Val Loss: 0.6862, Val Acc: 0.5056 | LR: 0.00000042
Epoch 049 | Train Loss: 0.6846, Train Acc: 0.6116 | Val Loss: 0.6859, Val Acc: 0.5119 | LR: 0.00000042
Epoch 050 | Train Loss: 0.6842, Train Acc: 0.6133 | Val Loss: 0.6858, Val Acc: 0.5109 | LR: 0.00000042
Epoch 051 | Train Loss: 0.6835, Train Acc: 0.6144 | Val Loss: 0.6859, Val Acc: 0.5056 | LR: 0.00000042
Epoch 052 | Train Loss: 0.6843, Train Acc: 0.6054 | Val Loss: 0.6861, Val Acc: 0.5009 | LR: 0.00000042
Epoch 053 | Train Loss: 0.6834, Train Acc: 0.6206 | Val Loss: 0.6856, Val Acc: 0.5077 | LR: 0.00000042
Epoch 054 | Train Loss: 0.6832, Train Acc: 0.6134 | Val Loss: 0.6861, Val Acc: 0.5002 | LR: 0.00000042
Epoch 055 | Train Loss: 0.6827, Train Acc: 0.6125 | Val Loss: 0.6852, Val Acc: 0.5109 | LR: 0.00000042
Epoch 056 | Train Loss: 0.6824, Train Acc: 0.6260 | Val Loss: 0.6847, Val Acc: 0.5225 | LR: 0.00000042
Epoch 057 | Train Loss: 0.6826, Train Acc: 0.6223 | Val Loss: 0.6849, Val Acc: 0.5128 | LR: 0.00000042
Epoch 058 | Train Loss: 0.6820, Train Acc: 0.6247 | Val Loss: 0.6852, Val Acc: 0.5049 | LR: 0.00000042
Epoch 059 | Train Loss: 0.6829, Train Acc: 0.6092 | Val Loss: 0.6849, Val Acc: 0.5086 | LR: 0.00000042
Epoch 060 | Train Loss: 0.6825, Train Acc: 0.6214 | Val Loss: 0.6850, Val Acc: 0.5046 | LR: 0.00000042
Epoch 061 | Train Loss: 0.6818, Train Acc: 0.6222 | Val Loss: 0.6846, Val Acc: 0.5107 | LR: 0.00000042
Epoch 062 | Train Loss: 0.6817, Train Acc: 0.6277 | Val Loss: 0.6846, Val Acc: 0.5081 | LR: 0.00000042
Epoch 063 | Train Loss: 0.6822, Train Acc: 0.6083 | Val Loss: 0.6847, Val Acc: 0.5044 | LR: 0.00000042
Epoch 064 | Train Loss: 0.6814, Train Acc: 0.6197 | Val Loss: 0.6849, Val Acc: 0.5030 | LR: 0.00000042
Epoch 065 | Train Loss: 0.6805, Train Acc: 0.6181 | Val Loss: 0.6843, Val Acc: 0.5079 | LR: 0.00000042
Epoch 066 | Train Loss: 0.6811, Train Acc: 0.6266 | Val Loss: 0.6843, Val Acc: 0.5060 | LR: 0.00000042
Epoch 067 | Train Loss: 0.6808, Train Acc: 0.6037 | Val Loss: 0.6848, Val Acc: 0.5019 | LR: 0.00000042
Epoch 068 | Train Loss: 0.6809, Train Acc: 0.6071 | Val Loss: 0.6851, Val Acc: 0.5002 | LR: 0.00000042
Epoch 069 | Train Loss: 0.6808, Train Acc: 0.6062 | Val Loss: 0.6837, Val Acc: 0.5102 | LR: 0.00000042
Epoch 070 | Train Loss: 0.6798, Train Acc: 0.6277 | Val Loss: 0.6838, Val Acc: 0.5077 | LR: 0.00000042
Epoch 071 | Train Loss: 0.6794, Train Acc: 0.6236 | Val Loss: 0.6833, Val Acc: 0.5114 | LR: 0.00000042
Epoch 072 | Train Loss: 0.6804, Train Acc: 0.6202 | Val Loss: 0.6829, Val Acc: 0.5151 | LR: 0.00000042
Epoch 073 | Train Loss: 0.6798, Train Acc: 0.6313 | Val Loss: 0.6833, Val Acc: 0.5102 | LR: 0.00000042
Epoch 074 | Train Loss: 0.6790, Train Acc: 0.6148 | Val Loss: 0.6828, Val Acc: 0.5142 | LR: 0.00000042
Epoch 075 | Train Loss: 0.6793, Train Acc: 0.6253 | Val Loss: 0.6825, Val Acc: 0.5174 | LR: 0.00000042
Epoch 076 | Train Loss: 0.6792, Train Acc: 0.6209 | Val Loss: 0.6834, Val Acc: 0.5072 | LR: 0.00000042
Epoch 077 | Train Loss: 0.6787, Train Acc: 0.6213 | Val Loss: 0.6828, Val Acc: 0.5121 | LR: 0.00000042
Epoch 078 | Train Loss: 0.6787, Train Acc: 0.6242 | Val Loss: 0.6824, Val Acc: 0.5130 | LR: 0.00000042
Epoch 079 | Train Loss: 0.6780, Train Acc: 0.6214 | Val Loss: 0.6825, Val Acc: 0.5126 | LR: 0.00000042
Epoch 080 | Train Loss: 0.6781, Train Acc: 0.6243 | Val Loss: 0.6810, Val Acc: 0.5265 | LR: 0.00000042
Epoch 081 | Train Loss: 0.6787, Train Acc: 0.6121 | Val Loss: 0.6816, Val Acc: 0.5184 | LR: 0.00000042
Epoch 082 | Train Loss: 0.6780, Train Acc: 0.6301 | Val Loss: 0.6812, Val Acc: 0.5200 | LR: 0.00000042
Epoch 083 | Train Loss: 0.6777, Train Acc: 0.6245 | Val Loss: 0.6816, Val Acc: 0.5165 | LR: 0.00000042
Epoch 084 | Train Loss: 0.6771, Train Acc: 0.6191 | Val Loss: 0.6814, Val Acc: 0.5172 | LR: 0.00000042
Epoch 085 | Train Loss: 0.6772, Train Acc: 0.6133 | Val Loss: 0.6819, Val Acc: 0.5126 | LR: 0.00000042
Epoch 086 | Train Loss: 0.6783, Train Acc: 0.6064 | Val Loss: 0.6811, Val Acc: 0.5184 | LR: 0.00000042
Epoch 087 | Train Loss: 0.6767, Train Acc: 0.6170 | Val Loss: 0.6808, Val Acc: 0.5181 | LR: 0.00000042
Epoch 088 | Train Loss: 0.6762, Train Acc: 0.6288 | Val Loss: 0.6804, Val Acc: 0.5198 | LR: 0.00000042
Epoch 089 | Train Loss: 0.6762, Train Acc: 0.6331 | Val Loss: 0.6800, Val Acc: 0.5235 | LR: 0.00000042
Epoch 090 | Train Loss: 0.6761, Train Acc: 0.6309 | Val Loss: 0.6797, Val Acc: 0.5244 | LR: 0.00000042
Epoch 091 | Train Loss: 0.6771, Train Acc: 0.6210 | Val Loss: 0.6798, Val Acc: 0.5235 | LR: 0.00000042
Epoch 092 | Train Loss: 0.6759, Train Acc: 0.6261 | Val Loss: 0.6794, Val Acc: 0.5244 | LR: 0.00000042
Epoch 093 | Train Loss: 0.6746, Train Acc: 0.6392 | Val Loss: 0.6783, Val Acc: 0.5272 | LR: 0.00000042
Epoch 094 | Train Loss: 0.6752, Train Acc: 0.6352 | Val Loss: 0.6788, Val Acc: 0.5256 | LR: 0.00000042
Epoch 095 | Train Loss: 0.6754, Train Acc: 0.6205 | Val Loss: 0.6808, Val Acc: 0.5137 | LR: 0.00000042
Epoch 096 | Train Loss: 0.6750, Train Acc: 0.6019 | Val Loss: 0.6795, Val Acc: 0.5193 | LR: 0.00000042
Epoch 097 | Train Loss: 0.6740, Train Acc: 0.6309 | Val Loss: 0.6776, Val Acc: 0.5256 | LR: 0.00000042
Epoch 098 | Train Loss: 0.6743, Train Acc: 0.6400 | Val Loss: 0.6768, Val Acc: 0.5311 | LR: 0.00000042
Epoch 099 | Train Loss: 0.6736, Train Acc: 0.6372 | Val Loss: 0.6766, Val Acc: 0.5311 | LR: 0.00000042
Epoch 100 | Train Loss: 0.6733, Train Acc: 0.6416 | Val Loss: 0.6767, Val Acc: 0.5298 | LR: 0.00000042
Epoch 101 | Train Loss: 0.6742, Train Acc: 0.6368 | Val Loss: 0.6761, Val Acc: 0.5286 | LR: 0.00000042
Epoch 102 | Train Loss: 0.6725, Train Acc: 0.6370 | Val Loss: 0.6755, Val Acc: 0.5286 | LR: 0.00000042
Epoch 103 | Train Loss: 0.6731, Train Acc: 0.6294 | Val Loss: 0.6769, Val Acc: 0.5277 | LR: 0.00000042
Epoch 104 | Train Loss: 0.6728, Train Acc: 0.6337 | Val Loss: 0.6758, Val Acc: 0.5291 | LR: 0.00000042
Epoch 105 | Train Loss: 0.6722, Train Acc: 0.6415 | Val Loss: 0.6757, Val Acc: 0.5288 | LR: 0.00000042
Epoch 106 | Train Loss: 0.6712, Train Acc: 0.6415 | Val Loss: 0.6749, Val Acc: 0.5277 | LR: 0.00000042
Epoch 107 | Train Loss: 0.6714, Train Acc: 0.6370 | Val Loss: 0.6753, Val Acc: 0.5284 | LR: 0.00000042
Epoch 108 | Train Loss: 0.6712, Train Acc: 0.6319 | Val Loss: 0.6753, Val Acc: 0.5267 | LR: 0.00000042
Epoch 109 | Train Loss: 0.6703, Train Acc: 0.6286 | Val Loss: 0.6756, Val Acc: 0.5228 | LR: 0.00000042
Epoch 110 | Train Loss: 0.6697, Train Acc: 0.6355 | Val Loss: 0.6740, Val Acc: 0.5246 | LR: 0.00000042
Epoch 111 | Train Loss: 0.6708, Train Acc: 0.6416 | Val Loss: 0.6730, Val Acc: 0.5307 | LR: 0.00000042
Epoch 112 | Train Loss: 0.6702, Train Acc: 0.6323 | Val Loss: 0.6743, Val Acc: 0.5265 | LR: 0.00000042
Epoch 113 | Train Loss: 0.6694, Train Acc: 0.6349 | Val Loss: 0.6730, Val Acc: 0.5281 | LR: 0.00000042
Epoch 114 | Train Loss: 0.6699, Train Acc: 0.6345 | Val Loss: 0.6729, Val Acc: 0.5270 | LR: 0.00000042
Epoch 115 | Train Loss: 0.6690, Train Acc: 0.6402 | Val Loss: 0.6728, Val Acc: 0.5237 | LR: 0.00000042
Epoch 116 | Train Loss: 0.6689, Train Acc: 0.6385 | Val Loss: 0.6722, Val Acc: 0.5293 | LR: 0.00000042
Epoch 117 | Train Loss: 0.6678, Train Acc: 0.6458 | Val Loss: 0.6717, Val Acc: 0.5300 | LR: 0.00000042
Epoch 118 | Train Loss: 0.6691, Train Acc: 0.6431 | Val Loss: 0.6727, Val Acc: 0.5228 | LR: 0.00000042
Epoch 119 | Train Loss: 0.6678, Train Acc: 0.6368 | Val Loss: 0.6711, Val Acc: 0.5293 | LR: 0.00000042
Epoch 120 | Train Loss: 0.6674, Train Acc: 0.6523 | Val Loss: 0.6709, Val Acc: 0.5291 | LR: 0.00000042
Epoch 121 | Train Loss: 0.6668, Train Acc: 0.6564 | Val Loss: 0.6708, Val Acc: 0.5293 | LR: 0.00000042
Epoch 122 | Train Loss: 0.6676, Train Acc: 0.6283 | Val Loss: 0.6722, Val Acc: 0.5214 | LR: 0.00000042
Epoch 123 | Train Loss: 0.6660, Train Acc: 0.6369 | Val Loss: 0.6709, Val Acc: 0.5260 | LR: 0.00000042
Epoch 124 | Train Loss: 0.6669, Train Acc: 0.6283 | Val Loss: 0.6710, Val Acc: 0.5260 | LR: 0.00000042
Epoch 125 | Train Loss: 0.6646, Train Acc: 0.6604 | Val Loss: 0.6699, Val Acc: 0.5314 | LR: 0.00000042
Epoch 126 | Train Loss: 0.6656, Train Acc: 0.6474 | Val Loss: 0.6714, Val Acc: 0.5212 | LR: 0.00000042
Epoch 127 | Train Loss: 0.6648, Train Acc: 0.6404 | Val Loss: 0.6698, Val Acc: 0.5286 | LR: 0.00000042
Epoch 128 | Train Loss: 0.6643, Train Acc: 0.6421 | Val Loss: 0.6707, Val Acc: 0.5209 | LR: 0.00000042
Epoch 129 | Train Loss: 0.6650, Train Acc: 0.6402 | Val Loss: 0.6696, Val Acc: 0.5251 | LR: 0.00000042
Epoch 130 | Train Loss: 0.6651, Train Acc: 0.6478 | Val Loss: 0.6691, Val Acc: 0.5295 | LR: 0.00000042
Epoch 131 | Train Loss: 0.6648, Train Acc: 0.6360 | Val Loss: 0.6694, Val Acc: 0.5246 | LR: 0.00000042
Epoch 132 | Train Loss: 0.6627, Train Acc: 0.6553 | Val Loss: 0.6681, Val Acc: 0.5407 | LR: 0.00000042
Epoch 133 | Train Loss: 0.6633, Train Acc: 0.6593 | Val Loss: 0.6678, Val Acc: 0.5465 | LR: 0.00000042
Epoch 134 | Train Loss: 0.6627, Train Acc: 0.6441 | Val Loss: 0.6679, Val Acc: 0.5384 | LR: 0.00000042
Epoch 135 | Train Loss: 0.6624, Train Acc: 0.6530 | Val Loss: 0.6690, Val Acc: 0.5235 | LR: 0.00000042
Epoch 136 | Train Loss: 0.6606, Train Acc: 0.6517 | Val Loss: 0.6679, Val Acc: 0.5323 | LR: 0.00000042
Epoch 137 | Train Loss: 0.6619, Train Acc: 0.6548 | Val Loss: 0.6673, Val Acc: 0.5402 | LR: 0.00000042
Epoch 138 | Train Loss: 0.6607, Train Acc: 0.6504 | Val Loss: 0.6673, Val Acc: 0.5346 | LR: 0.00000042
Epoch 139 | Train Loss: 0.6603, Train Acc: 0.6557 | Val Loss: 0.6672, Val Acc: 0.5349 | LR: 0.00000042
Epoch 140 | Train Loss: 0.6594, Train Acc: 0.6610 | Val Loss: 0.6664, Val Acc: 0.5456 | LR: 0.00000042
Epoch 141 | Train Loss: 0.6604, Train Acc: 0.6657 | Val Loss: 0.6665, Val Acc: 0.5404 | LR: 0.00000042
Epoch 142 | Train Loss: 0.6601, Train Acc: 0.6632 | Val Loss: 0.6669, Val Acc: 0.5323 | LR: 0.00000042
Epoch 143 | Train Loss: 0.6605, Train Acc: 0.6510 | Val Loss: 0.6669, Val Acc: 0.5288 | LR: 0.00000042
Epoch 144 | Train Loss: 0.6595, Train Acc: 0.6550 | Val Loss: 0.6666, Val Acc: 0.5309 | LR: 0.00000042
Epoch 145 | Train Loss: 0.6590, Train Acc: 0.6518 | Val Loss: 0.6664, Val Acc: 0.5309 | LR: 0.00000042
Epoch 146 | Train Loss: 0.6582, Train Acc: 0.6615 | Val Loss: 0.6656, Val Acc: 0.5379 | LR: 0.00000042
Epoch 147 | Train Loss: 0.6566, Train Acc: 0.6697 | Val Loss: 0.6654, Val Acc: 0.5374 | LR: 0.00000042
Epoch 148 | Train Loss: 0.6577, Train Acc: 0.6559 | Val Loss: 0.6653, Val Acc: 0.5379 | LR: 0.00000042
Epoch 149 | Train Loss: 0.6573, Train Acc: 0.6551 | Val Loss: 0.6649, Val Acc: 0.5397 | LR: 0.00000042
Epoch 150 | Train Loss: 0.6558, Train Acc: 0.6751 | Val Loss: 0.6642, Val Acc: 0.5500 | LR: 0.00000042
Epoch 151 | Train Loss: 0.6565, Train Acc: 0.6575 | Val Loss: 0.6650, Val Acc: 0.5342 | LR: 0.00000042
Epoch 152 | Train Loss: 0.6553, Train Acc: 0.6498 | Val Loss: 0.6654, Val Acc: 0.5253 | LR: 0.00000042
Epoch 153 | Train Loss: 0.6547, Train Acc: 0.6669 | Val Loss: 0.6633, Val Acc: 0.5544 | LR: 0.00000042
Epoch 154 | Train Loss: 0.6536, Train Acc: 0.6696 | Val Loss: 0.6635, Val Acc: 0.5456 | LR: 0.00000042
Epoch 155 | Train Loss: 0.6552, Train Acc: 0.6704 | Val Loss: 0.6635, Val Acc: 0.5425 | LR: 0.00000042
Epoch 156 | Train Loss: 0.6545, Train Acc: 0.6567 | Val Loss: 0.6645, Val Acc: 0.5279 | LR: 0.00000042
Epoch 157 | Train Loss: 0.6528, Train Acc: 0.6611 | Val Loss: 0.6630, Val Acc: 0.5444 | LR: 0.00000042
Epoch 158 | Train Loss: 0.6526, Train Acc: 0.6717 | Val Loss: 0.6630, Val Acc: 0.5402 | LR: 0.00000042
Epoch 159 | Train Loss: 0.6527, Train Acc: 0.6637 | Val Loss: 0.6629, Val Acc: 0.5391 | LR: 0.00000042
Epoch 160 | Train Loss: 0.6518, Train Acc: 0.6756 | Val Loss: 0.6617, Val Acc: 0.5553 | LR: 0.00000042
Epoch 161 | Train Loss: 0.6519, Train Acc: 0.6685 | Val Loss: 0.6622, Val Acc: 0.5418 | LR: 0.00000042
Epoch 162 | Train Loss: 0.6508, Train Acc: 0.6713 | Val Loss: 0.6623, Val Acc: 0.5395 | LR: 0.00000042
Epoch 163 | Train Loss: 0.6512, Train Acc: 0.6622 | Val Loss: 0.6612, Val Acc: 0.5530 | LR: 0.00000042
Epoch 164 | Train Loss: 0.6506, Train Acc: 0.6753 | Val Loss: 0.6620, Val Acc: 0.5386 | LR: 0.00000042
Epoch 165 | Train Loss: 0.6493, Train Acc: 0.6732 | Val Loss: 0.6619, Val Acc: 0.5379 | LR: 0.00000042
Epoch 166 | Train Loss: 0.6500, Train Acc: 0.6719 | Val Loss: 0.6606, Val Acc: 0.5518 | LR: 0.00000042
Epoch 167 | Train Loss: 0.6480, Train Acc: 0.6748 | Val Loss: 0.6613, Val Acc: 0.5395 | LR: 0.00000042
Epoch 168 | Train Loss: 0.6492, Train Acc: 0.6713 | Val Loss: 0.6612, Val Acc: 0.5393 | LR: 0.00000042
Epoch 169 | Train Loss: 0.6473, Train Acc: 0.6720 | Val Loss: 0.6603, Val Acc: 0.5439 | LR: 0.00000042
Epoch 170 | Train Loss: 0.6490, Train Acc: 0.6780 | Val Loss: 0.6598, Val Acc: 0.5486 | LR: 0.00000041
Epoch 171 | Train Loss: 0.6478, Train Acc: 0.6750 | Val Loss: 0.6594, Val Acc: 0.5535 | LR: 0.00000041
Epoch 172 | Train Loss: 0.6482, Train Acc: 0.6798 | Val Loss: 0.6600, Val Acc: 0.5407 | LR: 0.00000042
Epoch 173 | Train Loss: 0.6468, Train Acc: 0.6759 | Val Loss: 0.6588, Val Acc: 0.5532 | LR: 0.00000041
Epoch 174 | Train Loss: 0.6460, Train Acc: 0.6816 | Val Loss: 0.6588, Val Acc: 0.5500 | LR: 0.00000041
Epoch 175 | Train Loss: 0.6439, Train Acc: 0.6878 | Val Loss: 0.6584, Val Acc: 0.5523 | LR: 0.00000041
Epoch 176 | Train Loss: 0.6451, Train Acc: 0.6777 | Val Loss: 0.6591, Val Acc: 0.5407 | LR: 0.00000041
Epoch 177 | Train Loss: 0.6447, Train Acc: 0.6710 | Val Loss: 0.6592, Val Acc: 0.5393 | LR: 0.00000041
Epoch 178 | Train Loss: 0.6450, Train Acc: 0.6759 | Val Loss: 0.6578, Val Acc: 0.5514 | LR: 0.00000041
Epoch 179 | Train Loss: 0.6437, Train Acc: 0.6828 | Val Loss: 0.6577, Val Acc: 0.5490 | LR: 0.00000041
Epoch 180 | Train Loss: 0.6445, Train Acc: 0.6786 | Val Loss: 0.6565, Val Acc: 0.5623 | LR: 0.00000041
Epoch 181 | Train Loss: 0.6431, Train Acc: 0.6878 | Val Loss: 0.6570, Val Acc: 0.5525 | LR: 0.00000041
Epoch 182 | Train Loss: 0.6452, Train Acc: 0.6729 | Val Loss: 0.6569, Val Acc: 0.5502 | LR: 0.00000041
Epoch 183 | Train Loss: 0.6426, Train Acc: 0.6786 | Val Loss: 0.6561, Val Acc: 0.5579 | LR: 0.00000041
Epoch 184 | Train Loss: 0.6426, Train Acc: 0.6834 | Val Loss: 0.6567, Val Acc: 0.5460 | LR: 0.00000041
Epoch 185 | Train Loss: 0.6416, Train Acc: 0.6823 | Val Loss: 0.6563, Val Acc: 0.5479 | LR: 0.00000041
Epoch 186 | Train Loss: 0.6414, Train Acc: 0.6810 | Val Loss: 0.6564, Val Acc: 0.5439 | LR: 0.00000041
Epoch 187 | Train Loss: 0.6414, Train Acc: 0.6809 | Val Loss: 0.6557, Val Acc: 0.5511 | LR: 0.00000041
Epoch 188 | Train Loss: 0.6389, Train Acc: 0.6864 | Val Loss: 0.6549, Val Acc: 0.5563 | LR: 0.00000041
Epoch 189 | Train Loss: 0.6384, Train Acc: 0.6945 | Val Loss: 0.6533, Val Acc: 0.5779 | LR: 0.00000041
Epoch 190 | Train Loss: 0.6390, Train Acc: 0.6944 | Val Loss: 0.6546, Val Acc: 0.5549 | LR: 0.00000041
Epoch 191 | Train Loss: 0.6396, Train Acc: 0.6915 | Val Loss: 0.6536, Val Acc: 0.5632 | LR: 0.00000041
Epoch 192 | Train Loss: 0.6396, Train Acc: 0.6814 | Val Loss: 0.6534, Val Acc: 0.5630 | LR: 0.00000041
Epoch 193 | Train Loss: 0.6386, Train Acc: 0.6887 | Val Loss: 0.6528, Val Acc: 0.5683 | LR: 0.00000041
Epoch 194 | Train Loss: 0.6370, Train Acc: 0.6909 | Val Loss: 0.6532, Val Acc: 0.5593 | LR: 0.00000041
Epoch 195 | Train Loss: 0.6371, Train Acc: 0.6841 | Val Loss: 0.6541, Val Acc: 0.5465 | LR: 0.00000041
Epoch 196 | Train Loss: 0.6352, Train Acc: 0.6962 | Val Loss: 0.6521, Val Acc: 0.5646 | LR: 0.00000041
Epoch 197 | Train Loss: 0.6367, Train Acc: 0.6888 | Val Loss: 0.6526, Val Acc: 0.5567 | LR: 0.00000041
Epoch 198 | Train Loss: 0.6339, Train Acc: 0.7007 | Val Loss: 0.6520, Val Acc: 0.5616 | LR: 0.00000041
Epoch 199 | Train Loss: 0.6372, Train Acc: 0.6745 | Val Loss: 0.6535, Val Acc: 0.5460 | LR: 0.00000041
Epoch 200 | Train Loss: 0.6368, Train Acc: 0.6846 | Val Loss: 0.6496, Val Acc: 0.5874 | LR: 0.00000041
Epoch 201 | Train Loss: 0.6352, Train Acc: 0.6916 | Val Loss: 0.6514, Val Acc: 0.5581 | LR: 0.00000041
Epoch 202 | Train Loss: 0.6325, Train Acc: 0.6983 | Val Loss: 0.6500, Val Acc: 0.5758 | LR: 0.00000041
Epoch 203 | Train Loss: 0.6353, Train Acc: 0.6878 | Val Loss: 0.6504, Val Acc: 0.5674 | LR: 0.00000041
Epoch 204 | Train Loss: 0.6334, Train Acc: 0.6979 | Val Loss: 0.6490, Val Acc: 0.5825 | LR: 0.00000041
Epoch 205 | Train Loss: 0.6318, Train Acc: 0.7022 | Val Loss: 0.6503, Val Acc: 0.5604 | LR: 0.00000041
Epoch 206 | Train Loss: 0.6312, Train Acc: 0.7037 | Val Loss: 0.6486, Val Acc: 0.5804 | LR: 0.00000041
Epoch 207 | Train Loss: 0.6311, Train Acc: 0.7089 | Val Loss: 0.6490, Val Acc: 0.5693 | LR: 0.00000041
Epoch 208 | Train Loss: 0.6287, Train Acc: 0.7020 | Val Loss: 0.6493, Val Acc: 0.5630 | LR: 0.00000041
Epoch 209 | Train Loss: 0.6323, Train Acc: 0.6950 | Val Loss: 0.6478, Val Acc: 0.5802 | LR: 0.00000041
Epoch 210 | Train Loss: 0.6301, Train Acc: 0.7015 | Val Loss: 0.6490, Val Acc: 0.5607 | LR: 0.00000041
Epoch 211 | Train Loss: 0.6312, Train Acc: 0.6977 | Val Loss: 0.6477, Val Acc: 0.5714 | LR: 0.00000041
Epoch 212 | Train Loss: 0.6291, Train Acc: 0.7033 | Val Loss: 0.6486, Val Acc: 0.5597 | LR: 0.00000041
Epoch 213 | Train Loss: 0.6295, Train Acc: 0.6916 | Val Loss: 0.6482, Val Acc: 0.5616 | LR: 0.00000041
Epoch 214 | Train Loss: 0.6296, Train Acc: 0.6946 | Val Loss: 0.6471, Val Acc: 0.5718 | LR: 0.00000041
Epoch 215 | Train Loss: 0.6276, Train Acc: 0.7100 | Val Loss: 0.6454, Val Acc: 0.5881 | LR: 0.00000041
Epoch 216 | Train Loss: 0.6285, Train Acc: 0.7009 | Val Loss: 0.6467, Val Acc: 0.5711 | LR: 0.00000041
Epoch 217 | Train Loss: 0.6296, Train Acc: 0.6980 | Val Loss: 0.6459, Val Acc: 0.5751 | LR: 0.00000041
Epoch 218 | Train Loss: 0.6270, Train Acc: 0.7022 | Val Loss: 0.6450, Val Acc: 0.5834 | LR: 0.00000041
Epoch 219 | Train Loss: 0.6274, Train Acc: 0.7012 | Val Loss: 0.6470, Val Acc: 0.5588 | LR: 0.00000041
Epoch 220 | Train Loss: 0.6256, Train Acc: 0.6974 | Val Loss: 0.6453, Val Acc: 0.5746 | LR: 0.00000041
Epoch 221 | Train Loss: 0.6242, Train Acc: 0.7071 | Val Loss: 0.6449, Val Acc: 0.5753 | LR: 0.00000041
Epoch 222 | Train Loss: 0.6238, Train Acc: 0.7081 | Val Loss: 0.6438, Val Acc: 0.5867 | LR: 0.00000041
Epoch 223 | Train Loss: 0.6253, Train Acc: 0.7029 | Val Loss: 0.6458, Val Acc: 0.5600 | LR: 0.00000041
Epoch 224 | Train Loss: 0.6240, Train Acc: 0.7082 | Val Loss: 0.6433, Val Acc: 0.5844 | LR: 0.00000041
Epoch 225 | Train Loss: 0.6210, Train Acc: 0.7163 | Val Loss: 0.6436, Val Acc: 0.5781 | LR: 0.00000041
Epoch 226 | Train Loss: 0.6238, Train Acc: 0.7072 | Val Loss: 0.6430, Val Acc: 0.5818 | LR: 0.00000041
Epoch 227 | Train Loss: 0.6217, Train Acc: 0.7172 | Val Loss: 0.6420, Val Acc: 0.5918 | LR: 0.00000041
Epoch 228 | Train Loss: 0.6230, Train Acc: 0.7085 | Val Loss: 0.6442, Val Acc: 0.5630 | LR: 0.00000041
Epoch 229 | Train Loss: 0.6247, Train Acc: 0.6959 | Val Loss: 0.6431, Val Acc: 0.5746 | LR: 0.00000041
Epoch 230 | Train Loss: 0.6226, Train Acc: 0.7077 | Val Loss: 0.6424, Val Acc: 0.5783 | LR: 0.00000041
Epoch 231 | Train Loss: 0.6200, Train Acc: 0.7203 | Val Loss: 0.6416, Val Acc: 0.5832 | LR: 0.00000041
Epoch 232 | Train Loss: 0.6206, Train Acc: 0.7047 | Val Loss: 0.6415, Val Acc: 0.5809 | LR: 0.00000041
Epoch 233 | Train Loss: 0.6202, Train Acc: 0.7038 | Val Loss: 0.6418, Val Acc: 0.5765 | LR: 0.00000041
Epoch 234 | Train Loss: 0.6172, Train Acc: 0.7162 | Val Loss: 0.6392, Val Acc: 0.6018 | LR: 0.00000041
Epoch 235 | Train Loss: 0.6161, Train Acc: 0.7181 | Val Loss: 0.6420, Val Acc: 0.5686 | LR: 0.00000041
Epoch 236 | Train Loss: 0.6187, Train Acc: 0.7068 | Val Loss: 0.6412, Val Acc: 0.5753 | LR: 0.00000041
Epoch 237 | Train Loss: 0.6166, Train Acc: 0.7128 | Val Loss: 0.6410, Val Acc: 0.5744 | LR: 0.00000041
Epoch 238 | Train Loss: 0.6179, Train Acc: 0.7049 | Val Loss: 0.6381, Val Acc: 0.5995 | LR: 0.00000041
Epoch 239 | Train Loss: 0.6188, Train Acc: 0.7083 | Val Loss: 0.6395, Val Acc: 0.5821 | LR: 0.00000041
Epoch 240 | Train Loss: 0.6160, Train Acc: 0.7074 | Val Loss: 0.6399, Val Acc: 0.5776 | LR: 0.00000041
Epoch 241 | Train Loss: 0.6178, Train Acc: 0.7112 | Val Loss: 0.6391, Val Acc: 0.5816 | LR: 0.00000041
Epoch 242 | Train Loss: 0.6154, Train Acc: 0.7091 | Val Loss: 0.6381, Val Acc: 0.5881 | LR: 0.00000041
Epoch 243 | Train Loss: 0.6131, Train Acc: 0.7230 | Val Loss: 0.6374, Val Acc: 0.5930 | LR: 0.00000041
Epoch 244 | Train Loss: 0.6169, Train Acc: 0.7090 | Val Loss: 0.6371, Val Acc: 0.5930 | LR: 0.00000041
Epoch 245 | Train Loss: 0.6124, Train Acc: 0.7286 | Val Loss: 0.6378, Val Acc: 0.5832 | LR: 0.00000041
Epoch 246 | Train Loss: 0.6165, Train Acc: 0.7080 | Val Loss: 0.6375, Val Acc: 0.5851 | LR: 0.00000041
Epoch 247 | Train Loss: 0.6146, Train Acc: 0.7162 | Val Loss: 0.6372, Val Acc: 0.5853 | LR: 0.00000041
Epoch 248 | Train Loss: 0.6138, Train Acc: 0.7118 | Val Loss: 0.6363, Val Acc: 0.5907 | LR: 0.00000041
Epoch 249 | Train Loss: 0.6128, Train Acc: 0.7150 | Val Loss: 0.6341, Val Acc: 0.6137 | LR: 0.00000041
Epoch 250 | Train Loss: 0.6161, Train Acc: 0.7177 | Val Loss: 0.6346, Val Acc: 0.6016 | LR: 0.00000041
Epoch 251 | Train Loss: 0.6100, Train Acc: 0.7244 | Val Loss: 0.6360, Val Acc: 0.5867 | LR: 0.00000041
Epoch 252 | Train Loss: 0.6071, Train Acc: 0.7271 | Val Loss: 0.6358, Val Acc: 0.5862 | LR: 0.00000041
Epoch 253 | Train Loss: 0.6093, Train Acc: 0.7225 | Val Loss: 0.6345, Val Acc: 0.5937 | LR: 0.00000041
Epoch 254 | Train Loss: 0.6095, Train Acc: 0.7280 | Val Loss: 0.6336, Val Acc: 0.6020 | LR: 0.00000041
Epoch 255 | Train Loss: 0.6112, Train Acc: 0.7255 | Val Loss: 0.6333, Val Acc: 0.6016 | LR: 0.00000041
Epoch 256 | Train Loss: 0.6097, Train Acc: 0.7166 | Val Loss: 0.6352, Val Acc: 0.5828 | LR: 0.00000041
Epoch 257 | Train Loss: 0.6090, Train Acc: 0.7204 | Val Loss: 0.6329, Val Acc: 0.6002 | LR: 0.00000041
Epoch 258 | Train Loss: 0.6122, Train Acc: 0.7153 | Val Loss: 0.6328, Val Acc: 0.5986 | LR: 0.00000041
Epoch 259 | Train Loss: 0.6095, Train Acc: 0.7288 | Val Loss: 0.6311, Val Acc: 0.6148 | LR: 0.00000041
Epoch 260 | Train Loss: 0.6075, Train Acc: 0.7253 | Val Loss: 0.6331, Val Acc: 0.5907 | LR: 0.00000041
Epoch 261 | Train Loss: 0.6059, Train Acc: 0.7235 | Val Loss: 0.6324, Val Acc: 0.5941 | LR: 0.00000041
Epoch 262 | Train Loss: 0.6054, Train Acc: 0.7249 | Val Loss: 0.6315, Val Acc: 0.6013 | LR: 0.00000041
Epoch 263 | Train Loss: 0.6070, Train Acc: 0.7228 | Val Loss: 0.6318, Val Acc: 0.5951 | LR: 0.00000041
Epoch 264 | Train Loss: 0.6061, Train Acc: 0.7275 | Val Loss: 0.6306, Val Acc: 0.6034 | LR: 0.00000041
Epoch 265 | Train Loss: 0.6070, Train Acc: 0.7206 | Val Loss: 0.6304, Val Acc: 0.6032 | LR: 0.00000041
Epoch 266 | Train Loss: 0.6060, Train Acc: 0.7241 | Val Loss: 0.6296, Val Acc: 0.6097 | LR: 0.00000041
Epoch 267 | Train Loss: 0.6027, Train Acc: 0.7335 | Val Loss: 0.6311, Val Acc: 0.5932 | LR: 0.00000041
Epoch 268 | Train Loss: 0.6039, Train Acc: 0.7226 | Val Loss: 0.6295, Val Acc: 0.6037 | LR: 0.00000041
Epoch 269 | Train Loss: 0.6042, Train Acc: 0.7219 | Val Loss: 0.6300, Val Acc: 0.5969 | LR: 0.00000041
Epoch 270 | Train Loss: 0.6017, Train Acc: 0.7318 | Val Loss: 0.6281, Val Acc: 0.6160 | LR: 0.00000041
Epoch 271 | Train Loss: 0.5998, Train Acc: 0.7363 | Val Loss: 0.6285, Val Acc: 0.6051 | LR: 0.00000041
Epoch 272 | Train Loss: 0.6022, Train Acc: 0.7278 | Val Loss: 0.6284, Val Acc: 0.6034 | LR: 0.00000041
Epoch 273 | Train Loss: 0.6008, Train Acc: 0.7301 | Val Loss: 0.6274, Val Acc: 0.6120 | LR: 0.00000041
Epoch 274 | Train Loss: 0.6000, Train Acc: 0.7332 | Val Loss: 0.6292, Val Acc: 0.5941 | LR: 0.00000041
Epoch 275 | Train Loss: 0.5982, Train Acc: 0.7324 | Val Loss: 0.6266, Val Acc: 0.6176 | LR: 0.00000041
Epoch 276 | Train Loss: 0.5989, Train Acc: 0.7337 | Val Loss: 0.6267, Val Acc: 0.6093 | LR: 0.00000041
Epoch 277 | Train Loss: 0.5999, Train Acc: 0.7256 | Val Loss: 0.6284, Val Acc: 0.5941 | LR: 0.00000041
Epoch 278 | Train Loss: 0.5990, Train Acc: 0.7166 | Val Loss: 0.6274, Val Acc: 0.5997 | LR: 0.00000041
Epoch 279 | Train Loss: 0.5995, Train Acc: 0.7276 | Val Loss: 0.6263, Val Acc: 0.6060 | LR: 0.00000041
Epoch 280 | Train Loss: 0.5986, Train Acc: 0.7265 | Val Loss: 0.6255, Val Acc: 0.6137 | LR: 0.00000041
Epoch 281 | Train Loss: 0.5983, Train Acc: 0.7314 | Val Loss: 0.6249, Val Acc: 0.6179 | LR: 0.00000041
Epoch 282 | Train Loss: 0.5984, Train Acc: 0.7262 | Val Loss: 0.6250, Val Acc: 0.6130 | LR: 0.00000041
Epoch 283 | Train Loss: 0.5959, Train Acc: 0.7362 | Val Loss: 0.6248, Val Acc: 0.6099 | LR: 0.00000041
Epoch 284 | Train Loss: 0.5984, Train Acc: 0.7235 | Val Loss: 0.6256, Val Acc: 0.6011 | LR: 0.00000041
Epoch 285 | Train Loss: 0.5967, Train Acc: 0.7262 | Val Loss: 0.6239, Val Acc: 0.6160 | LR: 0.00000041
Epoch 286 | Train Loss: 0.5966, Train Acc: 0.7326 | Val Loss: 0.6232, Val Acc: 0.6197 | LR: 0.00000041
Epoch 287 | Train Loss: 0.5976, Train Acc: 0.7273 | Val Loss: 0.6232, Val Acc: 0.6179 | LR: 0.00000041
Epoch 288 | Train Loss: 0.5988, Train Acc: 0.7257 | Val Loss: 0.6234, Val Acc: 0.6106 | LR: 0.00000041
Epoch 289 | Train Loss: 0.5919, Train Acc: 0.7409 | Val Loss: 0.6219, Val Acc: 0.6244 | LR: 0.00000041
Epoch 290 | Train Loss: 0.5966, Train Acc: 0.7238 | Val Loss: 0.6215, Val Acc: 0.6246 | LR: 0.00000041
Epoch 291 | Train Loss: 0.5949, Train Acc: 0.7353 | Val Loss: 0.6219, Val Acc: 0.6197 | LR: 0.00000041
Epoch 292 | Train Loss: 0.5929, Train Acc: 0.7370 | Val Loss: 0.6230, Val Acc: 0.6055 | LR: 0.00000041
Epoch 293 | Train Loss: 0.5896, Train Acc: 0.7405 | Val Loss: 0.6207, Val Acc: 0.6255 | LR: 0.00000041
Epoch 294 | Train Loss: 0.5901, Train Acc: 0.7398 | Val Loss: 0.6221, Val Acc: 0.6069 | LR: 0.00000041
Epoch 295 | Train Loss: 0.5927, Train Acc: 0.7300 | Val Loss: 0.6209, Val Acc: 0.6158 | LR: 0.00000041
Epoch 296 | Train Loss: 0.5924, Train Acc: 0.7317 | Val Loss: 0.6203, Val Acc: 0.6223 | LR: 0.00000041
Epoch 297 | Train Loss: 0.5917, Train Acc: 0.7312 | Val Loss: 0.6201, Val Acc: 0.6197 | LR: 0.00000041
Epoch 298 | Train Loss: 0.5914, Train Acc: 0.7310 | Val Loss: 0.6201, Val Acc: 0.6169 | LR: 0.00000041
Epoch 299 | Train Loss: 0.5898, Train Acc: 0.7339 | Val Loss: 0.6198, Val Acc: 0.6174 | LR: 0.00000040
Epoch 300 | Train Loss: 0.5931, Train Acc: 0.7269 | Val Loss: 0.6186, Val Acc: 0.6269 | LR: 0.00000040
Epoch 301 | Train Loss: 0.5902, Train Acc: 0.7345 | Val Loss: 0.6175, Val Acc: 0.6320 | LR: 0.00000040
Epoch 302 | Train Loss: 0.5900, Train Acc: 0.7347 | Val Loss: 0.6186, Val Acc: 0.6199 | LR: 0.00000040
Epoch 303 | Train Loss: 0.5883, Train Acc: 0.7396 | Val Loss: 0.6176, Val Acc: 0.6278 | LR: 0.00000040
Epoch 304 | Train Loss: 0.5869, Train Acc: 0.7386 | Val Loss: 0.6193, Val Acc: 0.6086 | LR: 0.00000040
Epoch 305 | Train Loss: 0.5885, Train Acc: 0.7451 | Val Loss: 0.6168, Val Acc: 0.6297 | LR: 0.00000040
Epoch 306 | Train Loss: 0.5870, Train Acc: 0.7388 | Val Loss: 0.6184, Val Acc: 0.6118 | LR: 0.00000040
Epoch 307 | Train Loss: 0.5875, Train Acc: 0.7382 | Val Loss: 0.6157, Val Acc: 0.6320 | LR: 0.00000040
Epoch 308 | Train Loss: 0.5867, Train Acc: 0.7408 | Val Loss: 0.6177, Val Acc: 0.6132 | LR: 0.00000040
Epoch 309 | Train Loss: 0.5872, Train Acc: 0.7350 | Val Loss: 0.6148, Val Acc: 0.6371 | LR: 0.00000040
Epoch 310 | Train Loss: 0.5840, Train Acc: 0.7455 | Val Loss: 0.6166, Val Acc: 0.6197 | LR: 0.00000040
Epoch 311 | Train Loss: 0.5848, Train Acc: 0.7431 | Val Loss: 0.6151, Val Acc: 0.6313 | LR: 0.00000040
Epoch 312 | Train Loss: 0.5839, Train Acc: 0.7407 | Val Loss: 0.6141, Val Acc: 0.6339 | LR: 0.00000040
Epoch 313 | Train Loss: 0.5815, Train Acc: 0.7459 | Val Loss: 0.6168, Val Acc: 0.6106 | LR: 0.00000040
Epoch 314 | Train Loss: 0.5847, Train Acc: 0.7383 | Val Loss: 0.6154, Val Acc: 0.6211 | LR: 0.00000040
Epoch 315 | Train Loss: 0.5841, Train Acc: 0.7421 | Val Loss: 0.6133, Val Acc: 0.6339 | LR: 0.00000040
Epoch 316 | Train Loss: 0.5836, Train Acc: 0.7370 | Val Loss: 0.6140, Val Acc: 0.6288 | LR: 0.00000040
Epoch 317 | Train Loss: 0.5848, Train Acc: 0.7380 | Val Loss: 0.6138, Val Acc: 0.6281 | LR: 0.00000040
Epoch 318 | Train Loss: 0.5837, Train Acc: 0.7452 | Val Loss: 0.6131, Val Acc: 0.6330 | LR: 0.00000040
Epoch 319 | Train Loss: 0.5860, Train Acc: 0.7334 | Val Loss: 0.6129, Val Acc: 0.6323 | LR: 0.00000040
Epoch 320 | Train Loss: 0.5824, Train Acc: 0.7437 | Val Loss: 0.6126, Val Acc: 0.6327 | LR: 0.00000040
Epoch 321 | Train Loss: 0.5790, Train Acc: 0.7488 | Val Loss: 0.6115, Val Acc: 0.6360 | LR: 0.00000040
Epoch 322 | Train Loss: 0.5766, Train Acc: 0.7507 | Val Loss: 0.6109, Val Acc: 0.6378 | LR: 0.00000040
Epoch 323 | Train Loss: 0.5791, Train Acc: 0.7485 | Val Loss: 0.6115, Val Acc: 0.6344 | LR: 0.00000040
Epoch 324 | Train Loss: 0.5816, Train Acc: 0.7407 | Val Loss: 0.6126, Val Acc: 0.6223 | LR: 0.00000040
Epoch 325 | Train Loss: 0.5784, Train Acc: 0.7474 | Val Loss: 0.6106, Val Acc: 0.6353 | LR: 0.00000040
Epoch 326 | Train Loss: 0.5788, Train Acc: 0.7383 | Val Loss: 0.6113, Val Acc: 0.6281 | LR: 0.00000040
Epoch 327 | Train Loss: 0.5766, Train Acc: 0.7510 | Val Loss: 0.6117, Val Acc: 0.6227 | LR: 0.00000040
Epoch 328 | Train Loss: 0.5755, Train Acc: 0.7543 | Val Loss: 0.6109, Val Acc: 0.6283 | LR: 0.00000040
Epoch 329 | Train Loss: 0.5796, Train Acc: 0.7389 | Val Loss: 0.6106, Val Acc: 0.6281 | LR: 0.00000040
Epoch 330 | Train Loss: 0.5819, Train Acc: 0.7361 | Val Loss: 0.6102, Val Acc: 0.6285 | LR: 0.00000040
Epoch 331 | Train Loss: 0.5731, Train Acc: 0.7498 | Val Loss: 0.6088, Val Acc: 0.6367 | LR: 0.00000040
Epoch 332 | Train Loss: 0.5712, Train Acc: 0.7592 | Val Loss: 0.6094, Val Acc: 0.6311 | LR: 0.00000040
Epoch 333 | Train Loss: 0.5753, Train Acc: 0.7454 | Val Loss: 0.6097, Val Acc: 0.6267 | LR: 0.00000040
Epoch 334 | Train Loss: 0.5742, Train Acc: 0.7525 | Val Loss: 0.6085, Val Acc: 0.6346 | LR: 0.00000040
Epoch 335 | Train Loss: 0.5754, Train Acc: 0.7514 | Val Loss: 0.6093, Val Acc: 0.6246 | LR: 0.00000040
Epoch 336 | Train Loss: 0.5733, Train Acc: 0.7418 | Val Loss: 0.6087, Val Acc: 0.6285 | LR: 0.00000040
Epoch 337 | Train Loss: 0.5714, Train Acc: 0.7588 | Val Loss: 0.6081, Val Acc: 0.6311 | LR: 0.00000040
Epoch 338 | Train Loss: 0.5752, Train Acc: 0.7396 | Val Loss: 0.6071, Val Acc: 0.6383 | LR: 0.00000040
Epoch 339 | Train Loss: 0.5732, Train Acc: 0.7515 | Val Loss: 0.6072, Val Acc: 0.6341 | LR: 0.00000040
Epoch 340 | Train Loss: 0.5725, Train Acc: 0.7516 | Val Loss: 0.6058, Val Acc: 0.6411 | LR: 0.00000040
Epoch 341 | Train Loss: 0.5691, Train Acc: 0.7547 | Val Loss: 0.6058, Val Acc: 0.6390 | LR: 0.00000040
Epoch 342 | Train Loss: 0.5721, Train Acc: 0.7514 | Val Loss: 0.6051, Val Acc: 0.6423 | LR: 0.00000040
Epoch 343 | Train Loss: 0.5703, Train Acc: 0.7535 | Val Loss: 0.6050, Val Acc: 0.6416 | LR: 0.00000040
Epoch 344 | Train Loss: 0.5721, Train Acc: 0.7512 | Val Loss: 0.6054, Val Acc: 0.6378 | LR: 0.00000040
Epoch 345 | Train Loss: 0.5731, Train Acc: 0.7455 | Val Loss: 0.6046, Val Acc: 0.6411 | LR: 0.00000040
Epoch 346 | Train Loss: 0.5724, Train Acc: 0.7462 | Val Loss: 0.6049, Val Acc: 0.6362 | LR: 0.00000040
Epoch 347 | Train Loss: 0.5712, Train Acc: 0.7453 | Val Loss: 0.6037, Val Acc: 0.6420 | LR: 0.00000040
Epoch 348 | Train Loss: 0.5697, Train Acc: 0.7488 | Val Loss: 0.6031, Val Acc: 0.6437 | LR: 0.00000040
Epoch 349 | Train Loss: 0.5690, Train Acc: 0.7552 | Val Loss: 0.6025, Val Acc: 0.6471 | LR: 0.00000040
Epoch 350 | Train Loss: 0.5683, Train Acc: 0.7528 | Val Loss: 0.6036, Val Acc: 0.6385 | LR: 0.00000040
Epoch 351 | Train Loss: 0.5683, Train Acc: 0.7515 | Val Loss: 0.6021, Val Acc: 0.6441 | LR: 0.00000040
Epoch 352 | Train Loss: 0.5679, Train Acc: 0.7544 | Val Loss: 0.6018, Val Acc: 0.6455 | LR: 0.00000040
Epoch 353 | Train Loss: 0.5646, Train Acc: 0.7605 | Val Loss: 0.6011, Val Acc: 0.6504 | LR: 0.00000040
Epoch 354 | Train Loss: 0.5675, Train Acc: 0.7554 | Val Loss: 0.6015, Val Acc: 0.6453 | LR: 0.00000040
Epoch 355 | Train Loss: 0.5646, Train Acc: 0.7571 | Val Loss: 0.6031, Val Acc: 0.6325 | LR: 0.00000040
Epoch 356 | Train Loss: 0.5666, Train Acc: 0.7491 | Val Loss: 0.6018, Val Acc: 0.6392 | LR: 0.00000040
Epoch 357 | Train Loss: 0.5666, Train Acc: 0.7512 | Val Loss: 0.6019, Val Acc: 0.6362 | LR: 0.00000040
Epoch 358 | Train Loss: 0.5593, Train Acc: 0.7638 | Val Loss: 0.6007, Val Acc: 0.6450 | LR: 0.00000040
Epoch 359 | Train Loss: 0.5631, Train Acc: 0.7562 | Val Loss: 0.5995, Val Acc: 0.6469 | LR: 0.00000040
Epoch 360 | Train Loss: 0.5666, Train Acc: 0.7513 | Val Loss: 0.5991, Val Acc: 0.6481 | LR: 0.00000040
Epoch 361 | Train Loss: 0.5644, Train Acc: 0.7518 | Val Loss: 0.5993, Val Acc: 0.6460 | LR: 0.00000040
Epoch 362 | Train Loss: 0.5607, Train Acc: 0.7584 | Val Loss: 0.5990, Val Acc: 0.6464 | LR: 0.00000040
Epoch 363 | Train Loss: 0.5630, Train Acc: 0.7520 | Val Loss: 0.5986, Val Acc: 0.6467 | LR: 0.00000040
Epoch 364 | Train Loss: 0.5657, Train Acc: 0.7483 | Val Loss: 0.5968, Val Acc: 0.6648 | LR: 0.00000040
Epoch 365 | Train Loss: 0.5610, Train Acc: 0.7581 | Val Loss: 0.5973, Val Acc: 0.6534 | LR: 0.00000040
Epoch 366 | Train Loss: 0.5601, Train Acc: 0.7585 | Val Loss: 0.5959, Val Acc: 0.6709 | LR: 0.00000040
Epoch 367 | Train Loss: 0.5650, Train Acc: 0.7513 | Val Loss: 0.5965, Val Acc: 0.6555 | LR: 0.00000040
Epoch 368 | Train Loss: 0.5642, Train Acc: 0.7478 | Val Loss: 0.5968, Val Acc: 0.6518 | LR: 0.00000040
Epoch 369 | Train Loss: 0.5612, Train Acc: 0.7535 | Val Loss: 0.5966, Val Acc: 0.6509 | LR: 0.00000040
Epoch 370 | Train Loss: 0.5616, Train Acc: 0.7557 | Val Loss: 0.5956, Val Acc: 0.6567 | LR: 0.00000040
Epoch 371 | Train Loss: 0.5598, Train Acc: 0.7585 | Val Loss: 0.5951, Val Acc: 0.6590 | LR: 0.00000040
Epoch 372 | Train Loss: 0.5587, Train Acc: 0.7598 | Val Loss: 0.5952, Val Acc: 0.6555 | LR: 0.00000040
Epoch 373 | Train Loss: 0.5612, Train Acc: 0.7562 | Val Loss: 0.5947, Val Acc: 0.6576 | LR: 0.00000040
Epoch 374 | Train Loss: 0.5618, Train Acc: 0.7522 | Val Loss: 0.5934, Val Acc: 0.6706 | LR: 0.00000040
Epoch 375 | Train Loss: 0.5593, Train Acc: 0.7635 | Val Loss: 0.5942, Val Acc: 0.6543 | LR: 0.00000040
Epoch 376 | Train Loss: 0.5595, Train Acc: 0.7540 | Val Loss: 0.5956, Val Acc: 0.6453 | LR: 0.00000040
Epoch 377 | Train Loss: 0.5567, Train Acc: 0.7610 | Val Loss: 0.5945, Val Acc: 0.6511 | LR: 0.00000040
Epoch 378 | Train Loss: 0.5557, Train Acc: 0.7605 | Val Loss: 0.5934, Val Acc: 0.6557 | LR: 0.00000040
Epoch 379 | Train Loss: 0.5564, Train Acc: 0.7566 | Val Loss: 0.5924, Val Acc: 0.6629 | LR: 0.00000040
Epoch 380 | Train Loss: 0.5586, Train Acc: 0.7513 | Val Loss: 0.5936, Val Acc: 0.6513 | LR: 0.00000040
Epoch 381 | Train Loss: 0.5584, Train Acc: 0.7609 | Val Loss: 0.5913, Val Acc: 0.6715 | LR: 0.00000040
Epoch 382 | Train Loss: 0.5532, Train Acc: 0.7661 | Val Loss: 0.5909, Val Acc: 0.6734 | LR: 0.00000040
Epoch 383 | Train Loss: 0.5551, Train Acc: 0.7629 | Val Loss: 0.5920, Val Acc: 0.6567 | LR: 0.00000040
Epoch 384 | Train Loss: 0.5548, Train Acc: 0.7602 | Val Loss: 0.5942, Val Acc: 0.6411 | LR: 0.00000040
Epoch 385 | Train Loss: 0.5515, Train Acc: 0.7699 | Val Loss: 0.5905, Val Acc: 0.6655 | LR: 0.00000040
Epoch 386 | Train Loss: 0.5537, Train Acc: 0.7596 | Val Loss: 0.5902, Val Acc: 0.6650 | LR: 0.00000040
Epoch 387 | Train Loss: 0.5577, Train Acc: 0.7585 | Val Loss: 0.5904, Val Acc: 0.6592 | LR: 0.00000040
Epoch 388 | Train Loss: 0.5516, Train Acc: 0.7645 | Val Loss: 0.5888, Val Acc: 0.6788 | LR: 0.00000040
Epoch 389 | Train Loss: 0.5539, Train Acc: 0.7629 | Val Loss: 0.5893, Val Acc: 0.6641 | LR: 0.00000040
Epoch 390 | Train Loss: 0.5531, Train Acc: 0.7642 | Val Loss: 0.5895, Val Acc: 0.6611 | LR: 0.00000040
Epoch 391 | Train Loss: 0.5557, Train Acc: 0.7556 | Val Loss: 0.5896, Val Acc: 0.6592 | LR: 0.00000040
Epoch 392 | Train Loss: 0.5521, Train Acc: 0.7623 | Val Loss: 0.5885, Val Acc: 0.6634 | LR: 0.00000040
Epoch 393 | Train Loss: 0.5549, Train Acc: 0.7572 | Val Loss: 0.5879, Val Acc: 0.6662 | LR: 0.00000040
Epoch 394 | Train Loss: 0.5469, Train Acc: 0.7700 | Val Loss: 0.5872, Val Acc: 0.6715 | LR: 0.00000040
Epoch 395 | Train Loss: 0.5536, Train Acc: 0.7598 | Val Loss: 0.5881, Val Acc: 0.6616 | LR: 0.00000040
Epoch 396 | Train Loss: 0.5521, Train Acc: 0.7663 | Val Loss: 0.5864, Val Acc: 0.6767 | LR: 0.00000040
Epoch 397 | Train Loss: 0.5516, Train Acc: 0.7600 | Val Loss: 0.5866, Val Acc: 0.6681 | LR: 0.00000040
Epoch 398 | Train Loss: 0.5480, Train Acc: 0.7642 | Val Loss: 0.5879, Val Acc: 0.6569 | LR: 0.00000040
Epoch 399 | Train Loss: 0.5456, Train Acc: 0.7697 | Val Loss: 0.5853, Val Acc: 0.6836 | LR: 0.00000040
Epoch 400 | Train Loss: 0.5494, Train Acc: 0.7644 | Val Loss: 0.5857, Val Acc: 0.6690 | LR: 0.00000040
Epoch 401 | Train Loss: 0.5499, Train Acc: 0.7668 | Val Loss: 0.5863, Val Acc: 0.6632 | LR: 0.00000040
Epoch 402 | Train Loss: 0.5486, Train Acc: 0.7634 | Val Loss: 0.5853, Val Acc: 0.6669 | LR: 0.00000040
Epoch 403 | Train Loss: 0.5484, Train Acc: 0.7628 | Val Loss: 0.5855, Val Acc: 0.6641 | LR: 0.00000040
Epoch 404 | Train Loss: 0.5450, Train Acc: 0.7662 | Val Loss: 0.5844, Val Acc: 0.6713 | LR: 0.00000040
Epoch 405 | Train Loss: 0.5489, Train Acc: 0.7588 | Val Loss: 0.5838, Val Acc: 0.6755 | LR: 0.00000040
Epoch 406 | Train Loss: 0.5478, Train Acc: 0.7620 | Val Loss: 0.5842, Val Acc: 0.6676 | LR: 0.00000040
Epoch 407 | Train Loss: 0.5461, Train Acc: 0.7707 | Val Loss: 0.5829, Val Acc: 0.6767 | LR: 0.00000040
Epoch 408 | Train Loss: 0.5489, Train Acc: 0.7628 | Val Loss: 0.5834, Val Acc: 0.6695 | LR: 0.00000040
Epoch 409 | Train Loss: 0.5417, Train Acc: 0.7685 | Val Loss: 0.5827, Val Acc: 0.6718 | LR: 0.00000040
Epoch 410 | Train Loss: 0.5460, Train Acc: 0.7676 | Val Loss: 0.5816, Val Acc: 0.6876 | LR: 0.00000040
Epoch 411 | Train Loss: 0.5423, Train Acc: 0.7720 | Val Loss: 0.5810, Val Acc: 0.6906 | LR: 0.00000040
Epoch 412 | Train Loss: 0.5457, Train Acc: 0.7642 | Val Loss: 0.5814, Val Acc: 0.6783 | LR: 0.00000040
Epoch 413 | Train Loss: 0.5390, Train Acc: 0.7794 | Val Loss: 0.5811, Val Acc: 0.6778 | LR: 0.00000040
Epoch 414 | Train Loss: 0.5437, Train Acc: 0.7717 | Val Loss: 0.5807, Val Acc: 0.6788 | LR: 0.00000040
Epoch 415 | Train Loss: 0.5432, Train Acc: 0.7685 | Val Loss: 0.5800, Val Acc: 0.6904 | LR: 0.00000040
Epoch 416 | Train Loss: 0.5460, Train Acc: 0.7642 | Val Loss: 0.5802, Val Acc: 0.6785 | LR: 0.00000040
Epoch 417 | Train Loss: 0.5416, Train Acc: 0.7726 | Val Loss: 0.5807, Val Acc: 0.6704 | LR: 0.00000040
Epoch 418 | Train Loss: 0.5462, Train Acc: 0.7634 | Val Loss: 0.5789, Val Acc: 0.6920 | LR: 0.00000039
Epoch 419 | Train Loss: 0.5412, Train Acc: 0.7689 | Val Loss: 0.5786, Val Acc: 0.6911 | LR: 0.00000039
Epoch 420 | Train Loss: 0.5436, Train Acc: 0.7699 | Val Loss: 0.5785, Val Acc: 0.6904 | LR: 0.00000039
Epoch 421 | Train Loss: 0.5391, Train Acc: 0.7742 | Val Loss: 0.5788, Val Acc: 0.6792 | LR: 0.00000039
Epoch 422 | Train Loss: 0.5385, Train Acc: 0.7801 | Val Loss: 0.5781, Val Acc: 0.6843 | LR: 0.00000039
Epoch 423 | Train Loss: 0.5388, Train Acc: 0.7748 | Val Loss: 0.5772, Val Acc: 0.6969 | LR: 0.00000039
Epoch 424 | Train Loss: 0.5377, Train Acc: 0.7719 | Val Loss: 0.5778, Val Acc: 0.6790 | LR: 0.00000039
Epoch 425 | Train Loss: 0.5345, Train Acc: 0.7819 | Val Loss: 0.5770, Val Acc: 0.6874 | LR: 0.00000039
Epoch 426 | Train Loss: 0.5430, Train Acc: 0.7626 | Val Loss: 0.5774, Val Acc: 0.6771 | LR: 0.00000039
Epoch 427 | Train Loss: 0.5352, Train Acc: 0.7797 | Val Loss: 0.5764, Val Acc: 0.6850 | LR: 0.00000039
Epoch 428 | Train Loss: 0.5371, Train Acc: 0.7770 | Val Loss: 0.5757, Val Acc: 0.6943 | LR: 0.00000039
Epoch 429 | Train Loss: 0.5420, Train Acc: 0.7697 | Val Loss: 0.5758, Val Acc: 0.6871 | LR: 0.00000039
Epoch 430 | Train Loss: 0.5344, Train Acc: 0.7825 | Val Loss: 0.5761, Val Acc: 0.6799 | LR: 0.00000039
Epoch 431 | Train Loss: 0.5337, Train Acc: 0.7790 | Val Loss: 0.5749, Val Acc: 0.6936 | LR: 0.00000039
Epoch 432 | Train Loss: 0.5378, Train Acc: 0.7704 | Val Loss: 0.5750, Val Acc: 0.6850 | LR: 0.00000039
Epoch 433 | Train Loss: 0.5384, Train Acc: 0.7672 | Val Loss: 0.5754, Val Acc: 0.6769 | LR: 0.00000039
Epoch 434 | Train Loss: 0.5360, Train Acc: 0.7723 | Val Loss: 0.5739, Val Acc: 0.6922 | LR: 0.00000039
Epoch 435 | Train Loss: 0.5342, Train Acc: 0.7839 | Val Loss: 0.5735, Val Acc: 0.6971 | LR: 0.00000039
Epoch 436 | Train Loss: 0.5382, Train Acc: 0.7692 | Val Loss: 0.5741, Val Acc: 0.6820 | LR: 0.00000039
Epoch 437 | Train Loss: 0.5366, Train Acc: 0.7707 | Val Loss: 0.5728, Val Acc: 0.6999 | LR: 0.00000039
Epoch 438 | Train Loss: 0.5347, Train Acc: 0.7769 | Val Loss: 0.5725, Val Acc: 0.6994 | LR: 0.00000039
Epoch 439 | Train Loss: 0.5371, Train Acc: 0.7686 | Val Loss: 0.5730, Val Acc: 0.6848 | LR: 0.00000039
Epoch 440 | Train Loss: 0.5302, Train Acc: 0.7848 | Val Loss: 0.5720, Val Acc: 0.6932 | LR: 0.00000039
Epoch 441 | Train Loss: 0.5357, Train Acc: 0.7746 | Val Loss: 0.5721, Val Acc: 0.6869 | LR: 0.00000039
Epoch 442 | Train Loss: 0.5298, Train Acc: 0.7811 | Val Loss: 0.5722, Val Acc: 0.6850 | LR: 0.00000039
Epoch 443 | Train Loss: 0.5319, Train Acc: 0.7782 | Val Loss: 0.5708, Val Acc: 0.7092 | LR: 0.00000039
Epoch 444 | Train Loss: 0.5308, Train Acc: 0.7849 | Val Loss: 0.5705, Val Acc: 0.7115 | LR: 0.00000039
Epoch 445 | Train Loss: 0.5325, Train Acc: 0.7770 | Val Loss: 0.5704, Val Acc: 0.6932 | LR: 0.00000039
Epoch 446 | Train Loss: 0.5305, Train Acc: 0.7838 | Val Loss: 0.5696, Val Acc: 0.7048 | LR: 0.00000039
Epoch 447 | Train Loss: 0.5286, Train Acc: 0.7827 | Val Loss: 0.5695, Val Acc: 0.6957 | LR: 0.00000039
Epoch 448 | Train Loss: 0.5298, Train Acc: 0.7756 | Val Loss: 0.5689, Val Acc: 0.7029 | LR: 0.00000039
Epoch 449 | Train Loss: 0.5330, Train Acc: 0.7747 | Val Loss: 0.5687, Val Acc: 0.6978 | LR: 0.00000039
Epoch 450 | Train Loss: 0.5283, Train Acc: 0.7858 | Val Loss: 0.5682, Val Acc: 0.7078 | LR: 0.00000039
Epoch 451 | Train Loss: 0.5296, Train Acc: 0.7762 | Val Loss: 0.5680, Val Acc: 0.7032 | LR: 0.00000039
Epoch 452 | Train Loss: 0.5340, Train Acc: 0.7708 | Val Loss: 0.5676, Val Acc: 0.7039 | LR: 0.00000039
Epoch 453 | Train Loss: 0.5259, Train Acc: 0.7833 | Val Loss: 0.5673, Val Acc: 0.7034 | LR: 0.00000039
Epoch 454 | Train Loss: 0.5255, Train Acc: 0.7823 | Val Loss: 0.5670, Val Acc: 0.7036 | LR: 0.00000039
Epoch 455 | Train Loss: 0.5260, Train Acc: 0.7841 | Val Loss: 0.5666, Val Acc: 0.7092 | LR: 0.00000039
Epoch 456 | Train Loss: 0.5280, Train Acc: 0.7774 | Val Loss: 0.5663, Val Acc: 0.7127 | LR: 0.00000039
Epoch 457 | Train Loss: 0.5234, Train Acc: 0.7871 | Val Loss: 0.5664, Val Acc: 0.6953 | LR: 0.00000039
Epoch 458 | Train Loss: 0.5292, Train Acc: 0.7788 | Val Loss: 0.5656, Val Acc: 0.7150 | LR: 0.00000039
Epoch 459 | Train Loss: 0.5277, Train Acc: 0.7784 | Val Loss: 0.5652, Val Acc: 0.7085 | LR: 0.00000039
Epoch 460 | Train Loss: 0.5289, Train Acc: 0.7797 | Val Loss: 0.5651, Val Acc: 0.7180 | LR: 0.00000039
Epoch 461 | Train Loss: 0.5271, Train Acc: 0.7785 | Val Loss: 0.5646, Val Acc: 0.7060 | LR: 0.00000039
Epoch 462 | Train Loss: 0.5239, Train Acc: 0.7830 | Val Loss: 0.5643, Val Acc: 0.7152 | LR: 0.00000039
Epoch 463 | Train Loss: 0.5228, Train Acc: 0.7826 | Val Loss: 0.5640, Val Acc: 0.7183 | LR: 0.00000039
Epoch 464 | Train Loss: 0.5261, Train Acc: 0.7800 | Val Loss: 0.5635, Val Acc: 0.7157 | LR: 0.00000039
Epoch 465 | Train Loss: 0.5251, Train Acc: 0.7806 | Val Loss: 0.5635, Val Acc: 0.7004 | LR: 0.00000039
Epoch 466 | Train Loss: 0.5261, Train Acc: 0.7809 | Val Loss: 0.5629, Val Acc: 0.7178 | LR: 0.00000039
Epoch 467 | Train Loss: 0.5232, Train Acc: 0.7859 | Val Loss: 0.5625, Val Acc: 0.7041 | LR: 0.00000039
Epoch 468 | Train Loss: 0.5256, Train Acc: 0.7897 | Val Loss: 0.5624, Val Acc: 0.7236 | LR: 0.00000039
Epoch 469 | Train Loss: 0.5244, Train Acc: 0.7796 | Val Loss: 0.5618, Val Acc: 0.7199 | LR: 0.00000039
Epoch 470 | Train Loss: 0.5231, Train Acc: 0.7863 | Val Loss: 0.5616, Val Acc: 0.7020 | LR: 0.00000039
Epoch 471 | Train Loss: 0.5242, Train Acc: 0.7813 | Val Loss: 0.5609, Val Acc: 0.7152 | LR: 0.00000039
Epoch 472 | Train Loss: 0.5206, Train Acc: 0.7857 | Val Loss: 0.5606, Val Acc: 0.7192 | LR: 0.00000039
