transformer_3t_2l_b32-l0.0001-h64-d0.4
Carico grafi già salvati
# train raw: 10037, # val: 4302
 Train label distrib: Counter({1: 5036, 0: 5001})
 Val   label distrib: Counter({1: 2159, 0: 2143})
Epoch 001 | Train Loss: 0.6918, Train Acc: 0.5056 | Val Loss: 0.6912, Val Acc: 0.5019 | LR: 0.00000846
Epoch 002 | Train Loss: 0.6906, Train Acc: 0.5029 | Val Loss: 0.6902, Val Acc: 0.5019 | LR: 0.00000845
Epoch 003 | Train Loss: 0.6897, Train Acc: 0.5226 | Val Loss: 0.6924, Val Acc: 0.5019 | LR: 0.00000846
Epoch 004 | Train Loss: 0.6890, Train Acc: 0.5337 | Val Loss: 0.6888, Val Acc: 0.5019 | LR: 0.00000844
Epoch 005 | Train Loss: 0.6881, Train Acc: 0.5407 | Val Loss: 0.6935, Val Acc: 0.5019 | LR: 0.00000847
Epoch 006 | Train Loss: 0.6867, Train Acc: 0.5641 | Val Loss: 0.7024, Val Acc: 0.5019 | LR: 0.00000851
Epoch 007 | Train Loss: 0.6861, Train Acc: 0.5601 | Val Loss: 0.6934, Val Acc: 0.5019 | LR: 0.00000847
Epoch 008 | Train Loss: 0.6851, Train Acc: 0.5744 | Val Loss: 0.6984, Val Acc: 0.5019 | LR: 0.00000849
Epoch 009 | Train Loss: 0.6837, Train Acc: 0.5795 | Val Loss: 0.7022, Val Acc: 0.5019 | LR: 0.00000851
Epoch 010 | Train Loss: 0.6830, Train Acc: 0.5755 | Val Loss: 0.6876, Val Acc: 0.5019 | LR: 0.00000844
Epoch 011 | Train Loss: 0.6823, Train Acc: 0.5790 | Val Loss: 0.7008, Val Acc: 0.5019 | LR: 0.00000850
Epoch 012 | Train Loss: 0.6808, Train Acc: 0.5924 | Val Loss: 0.6964, Val Acc: 0.5019 | LR: 0.00000848
Epoch 013 | Train Loss: 0.6795, Train Acc: 0.6040 | Val Loss: 0.6978, Val Acc: 0.5019 | LR: 0.00000849
Epoch 014 | Train Loss: 0.6786, Train Acc: 0.6043 | Val Loss: 0.6981, Val Acc: 0.5019 | LR: 0.00000849
Epoch 015 | Train Loss: 0.6782, Train Acc: 0.6054 | Val Loss: 0.6937, Val Acc: 0.5019 | LR: 0.00000847
Epoch 016 | Train Loss: 0.6761, Train Acc: 0.6240 | Val Loss: 0.6938, Val Acc: 0.5019 | LR: 0.00000847
Epoch 017 | Train Loss: 0.6753, Train Acc: 0.6039 | Val Loss: 0.6951, Val Acc: 0.5019 | LR: 0.00000848
Epoch 018 | Train Loss: 0.6742, Train Acc: 0.6128 | Val Loss: 0.6992, Val Acc: 0.5019 | LR: 0.00000850
Epoch 019 | Train Loss: 0.6732, Train Acc: 0.6122 | Val Loss: 0.6902, Val Acc: 0.5019 | LR: 0.00000845
Epoch 020 | Train Loss: 0.6719, Train Acc: 0.6082 | Val Loss: 0.7010, Val Acc: 0.5019 | LR: 0.00000851
Epoch 021 | Train Loss: 0.6701, Train Acc: 0.6064 | Val Loss: 0.6826, Val Acc: 0.5019 | LR: 0.00000841
Epoch 022 | Train Loss: 0.6692, Train Acc: 0.6148 | Val Loss: 0.6951, Val Acc: 0.5019 | LR: 0.00000848
Epoch 023 | Train Loss: 0.6655, Train Acc: 0.6225 | Val Loss: 0.6869, Val Acc: 0.5019 | LR: 0.00000843
Epoch 024 | Train Loss: 0.6618, Train Acc: 0.6439 | Val Loss: 0.6805, Val Acc: 0.5019 | LR: 0.00000840
Epoch 025 | Train Loss: 0.6567, Train Acc: 0.6593 | Val Loss: 0.6761, Val Acc: 0.5021 | LR: 0.00000838
Epoch 026 | Train Loss: 0.6518, Train Acc: 0.6699 | Val Loss: 0.6650, Val Acc: 0.5081 | LR: 0.00000833
Epoch 027 | Train Loss: 0.6474, Train Acc: 0.6753 | Val Loss: 0.6602, Val Acc: 0.5128 | LR: 0.00000830
Epoch 028 | Train Loss: 0.6427, Train Acc: 0.6867 | Val Loss: 0.6605, Val Acc: 0.5091 | LR: 0.00000830
Epoch 029 | Train Loss: 0.6329, Train Acc: 0.7092 | Val Loss: 0.6433, Val Acc: 0.5495 | LR: 0.00000822
Epoch 030 | Train Loss: 0.6310, Train Acc: 0.7035 | Val Loss: 0.6425, Val Acc: 0.5388 | LR: 0.00000821
Epoch 031 | Train Loss: 0.6258, Train Acc: 0.7096 | Val Loss: 0.6427, Val Acc: 0.5328 | LR: 0.00000821
Epoch 032 | Train Loss: 0.6182, Train Acc: 0.7153 | Val Loss: 0.6324, Val Acc: 0.5523 | LR: 0.00000816
Epoch 033 | Train Loss: 0.6146, Train Acc: 0.7214 | Val Loss: 0.6153, Val Acc: 0.6158 | LR: 0.00000808
Epoch 034 | Train Loss: 0.6082, Train Acc: 0.7149 | Val Loss: 0.6016, Val Acc: 0.6999 | LR: 0.00000801
Epoch 035 | Train Loss: 0.6007, Train Acc: 0.7325 | Val Loss: 0.5971, Val Acc: 0.6939 | LR: 0.00000799
Epoch 036 | Train Loss: 0.5943, Train Acc: 0.7415 | Val Loss: 0.5879, Val Acc: 0.7327 | LR: 0.00000794
Epoch 037 | Train Loss: 0.5911, Train Acc: 0.7370 | Val Loss: 0.5796, Val Acc: 0.7631 | LR: 0.00000790
Epoch 038 | Train Loss: 0.5876, Train Acc: 0.7358 | Val Loss: 0.5709, Val Acc: 0.7931 | LR: 0.00000785
Epoch 039 | Train Loss: 0.5810, Train Acc: 0.7444 | Val Loss: 0.5668, Val Acc: 0.7848 | LR: 0.00000783
Epoch 040 | Train Loss: 0.5740, Train Acc: 0.7473 | Val Loss: 0.5576, Val Acc: 0.8073 | LR: 0.00000779
Epoch 041 | Train Loss: 0.5695, Train Acc: 0.7482 | Val Loss: 0.5539, Val Acc: 0.7950 | LR: 0.00000777
Epoch 042 | Train Loss: 0.5652, Train Acc: 0.7548 | Val Loss: 0.5411, Val Acc: 0.8331 | LR: 0.00000771
Epoch 043 | Train Loss: 0.5611, Train Acc: 0.7568 | Val Loss: 0.5355, Val Acc: 0.8405 | LR: 0.00000768
Epoch 044 | Train Loss: 0.5535, Train Acc: 0.7680 | Val Loss: 0.5282, Val Acc: 0.8401 | LR: 0.00000764
Epoch 045 | Train Loss: 0.5447, Train Acc: 0.7754 | Val Loss: 0.5216, Val Acc: 0.8375 | LR: 0.00000761
Epoch 046 | Train Loss: 0.5413, Train Acc: 0.7728 | Val Loss: 0.5158, Val Acc: 0.8401 | LR: 0.00000758
Epoch 047 | Train Loss: 0.5366, Train Acc: 0.7751 | Val Loss: 0.5109, Val Acc: 0.8257 | LR: 0.00000755
Epoch 048 | Train Loss: 0.5302, Train Acc: 0.7784 | Val Loss: 0.5107, Val Acc: 0.7892 | LR: 0.00000755
Epoch 049 | Train Loss: 0.5257, Train Acc: 0.7855 | Val Loss: 0.5136, Val Acc: 0.7562 | LR: 0.00000757
Epoch 050 | Train Loss: 0.5189, Train Acc: 0.7906 | Val Loss: 0.5130, Val Acc: 0.7420 | LR: 0.00000757
Epoch 051 | Train Loss: 0.5166, Train Acc: 0.7929 | Val Loss: 0.5127, Val Acc: 0.7306 | LR: 0.00000756
Epoch 052 | Train Loss: 0.5094, Train Acc: 0.7943 | Val Loss: 0.5141, Val Acc: 0.7159 | LR: 0.00000757
Epoch 053 | Train Loss: 0.5024, Train Acc: 0.8078 | Val Loss: 0.5161, Val Acc: 0.7036 | LR: 0.00000758
Epoch 054 | Train Loss: 0.4975, Train Acc: 0.8068 | Val Loss: 0.5201, Val Acc: 0.6846 | LR: 0.00000760
Epoch 055 | Train Loss: 0.4915, Train Acc: 0.8107 | Val Loss: 0.5198, Val Acc: 0.6804 | LR: 0.00000760
Epoch 056 | Train Loss: 0.4840, Train Acc: 0.8160 | Val Loss: 0.5306, Val Acc: 0.6609 | LR: 0.00000765
Epoch 057 | Train Loss: 0.4779, Train Acc: 0.8209 | Val Loss: 0.5302, Val Acc: 0.6569 | LR: 0.00000765
Epoch 058 | Train Loss: 0.4723, Train Acc: 0.8246 | Val Loss: 0.5637, Val Acc: 0.6167 | LR: 0.00000782
Epoch 059 | Train Loss: 0.4669, Train Acc: 0.8291 | Val Loss: 0.5494, Val Acc: 0.6288 | LR: 0.00000775
Epoch 060 | Train Loss: 0.4629, Train Acc: 0.8343 | Val Loss: 0.5242, Val Acc: 0.6585 | LR: 0.00000762
Epoch 061 | Train Loss: 0.4572, Train Acc: 0.8305 | Val Loss: 0.5411, Val Acc: 0.6348 | LR: 0.00000771
Epoch 062 | Train Loss: 0.4515, Train Acc: 0.8389 | Val Loss: 0.5576, Val Acc: 0.6197 | LR: 0.00000779
Epoch 063 | Train Loss: 0.4447, Train Acc: 0.8442 | Val Loss: 0.5713, Val Acc: 0.6102 | LR: 0.00000786
Epoch 064 | Train Loss: 0.4402, Train Acc: 0.8489 | Val Loss: 0.5687, Val Acc: 0.6111 | LR: 0.00000784
Epoch 065 | Train Loss: 0.4381, Train Acc: 0.8528 | Val Loss: 0.5582, Val Acc: 0.6185 | LR: 0.00000779
Epoch 066 | Train Loss: 0.4283, Train Acc: 0.8611 | Val Loss: 0.5370, Val Acc: 0.6325 | LR: 0.00000769
Epoch 067 | Train Loss: 0.4270, Train Acc: 0.8590 | Val Loss: 0.5699, Val Acc: 0.6093 | LR: 0.00000785
Epoch 068 | Train Loss: 0.4223, Train Acc: 0.8523 | Val Loss: 0.5286, Val Acc: 0.6371 | LR: 0.00000764
Epoch 069 | Train Loss: 0.4166, Train Acc: 0.8608 | Val Loss: 0.5353, Val Acc: 0.6334 | LR: 0.00000768
Epoch 070 | Train Loss: 0.4058, Train Acc: 0.8701 | Val Loss: 0.5282, Val Acc: 0.6369 | LR: 0.00000764
Epoch 071 | Train Loss: 0.3987, Train Acc: 0.8782 | Val Loss: 0.5542, Val Acc: 0.6216 | LR: 0.00000777
Epoch 072 | Train Loss: 0.3983, Train Acc: 0.8718 | Val Loss: 0.5557, Val Acc: 0.6213 | LR: 0.00000778
Epoch 073 | Train Loss: 0.3986, Train Acc: 0.8680 | Val Loss: 0.5545, Val Acc: 0.6209 | LR: 0.00000777
Epoch 074 | Train Loss: 0.3928, Train Acc: 0.8739 | Val Loss: 0.5346, Val Acc: 0.6318 | LR: 0.00000767
Epoch 075 | Train Loss: 0.3795, Train Acc: 0.8815 | Val Loss: 0.5335, Val Acc: 0.6332 | LR: 0.00000767
Epoch 076 | Train Loss: 0.3827, Train Acc: 0.8776 | Val Loss: 0.5186, Val Acc: 0.6416 | LR: 0.00000759
Epoch 077 | Train Loss: 0.3752, Train Acc: 0.8867 | Val Loss: 0.5138, Val Acc: 0.6462 | LR: 0.00000757
Epoch 078 | Train Loss: 0.3721, Train Acc: 0.8818 | Val Loss: 0.5248, Val Acc: 0.6371 | LR: 0.00000762
Epoch 079 | Train Loss: 0.3638, Train Acc: 0.8906 | Val Loss: 0.5166, Val Acc: 0.6448 | LR: 0.00000758
Epoch 080 | Train Loss: 0.3644, Train Acc: 0.8845 | Val Loss: 0.5376, Val Acc: 0.6302 | LR: 0.00000769
Epoch 081 | Train Loss: 0.3514, Train Acc: 0.8929 | Val Loss: 0.5412, Val Acc: 0.6295 | LR: 0.00000771
Epoch 082 | Train Loss: 0.3512, Train Acc: 0.8942 | Val Loss: 0.5135, Val Acc: 0.6464 | LR: 0.00000757
Epoch 083 | Train Loss: 0.3450, Train Acc: 0.8982 | Val Loss: 0.4770, Val Acc: 0.6806 | LR: 0.00000739
Epoch 084 | Train Loss: 0.3466, Train Acc: 0.8928 | Val Loss: 0.5036, Val Acc: 0.6553 | LR: 0.00000752
Epoch 085 | Train Loss: 0.3374, Train Acc: 0.9018 | Val Loss: 0.4997, Val Acc: 0.6590 | LR: 0.00000750
Epoch 086 | Train Loss: 0.3337, Train Acc: 0.9022 | Val Loss: 0.5334, Val Acc: 0.6348 | LR: 0.00000767
Epoch 087 | Train Loss: 0.3294, Train Acc: 0.9058 | Val Loss: 0.5204, Val Acc: 0.6413 | LR: 0.00000760
Epoch 088 | Train Loss: 0.3248, Train Acc: 0.9053 | Val Loss: 0.4848, Val Acc: 0.6729 | LR: 0.00000742
Epoch 089 | Train Loss: 0.3233, Train Acc: 0.9055 | Val Loss: 0.4937, Val Acc: 0.6646 | LR: 0.00000747
Epoch 090 | Train Loss: 0.3180, Train Acc: 0.9074 | Val Loss: 0.4843, Val Acc: 0.6713 | LR: 0.00000742
Epoch 091 | Train Loss: 0.3145, Train Acc: 0.9115 | Val Loss: 0.4680, Val Acc: 0.6894 | LR: 0.00000734
Epoch 092 | Train Loss: 0.3122, Train Acc: 0.9096 | Val Loss: 0.4756, Val Acc: 0.6804 | LR: 0.00000738
Epoch 093 | Train Loss: 0.3056, Train Acc: 0.9144 | Val Loss: 0.4594, Val Acc: 0.6950 | LR: 0.00000730
Epoch 094 | Train Loss: 0.3111, Train Acc: 0.9068 | Val Loss: 0.4822, Val Acc: 0.6727 | LR: 0.00000741
Epoch 095 | Train Loss: 0.3034, Train Acc: 0.9115 | Val Loss: 0.4596, Val Acc: 0.6943 | LR: 0.00000730
Epoch 096 | Train Loss: 0.3010, Train Acc: 0.9122 | Val Loss: 0.4449, Val Acc: 0.7090 | LR: 0.00000722
Epoch 097 | Train Loss: 0.2921, Train Acc: 0.9185 | Val Loss: 0.4626, Val Acc: 0.6892 | LR: 0.00000731
Epoch 098 | Train Loss: 0.2884, Train Acc: 0.9200 | Val Loss: 0.4379, Val Acc: 0.7136 | LR: 0.00000719
Epoch 099 | Train Loss: 0.2883, Train Acc: 0.9189 | Val Loss: 0.4527, Val Acc: 0.6976 | LR: 0.00000726
Epoch 100 | Train Loss: 0.2842, Train Acc: 0.9197 | Val Loss: 0.4323, Val Acc: 0.7183 | LR: 0.00000716
Epoch 101 | Train Loss: 0.2868, Train Acc: 0.9199 | Val Loss: 0.4529, Val Acc: 0.6948 | LR: 0.00000726
Epoch 102 | Train Loss: 0.2780, Train Acc: 0.9227 | Val Loss: 0.4212, Val Acc: 0.7269 | LR: 0.00000711
Epoch 103 | Train Loss: 0.2789, Train Acc: 0.9184 | Val Loss: 0.4359, Val Acc: 0.7150 | LR: 0.00000718
Epoch 104 | Train Loss: 0.2686, Train Acc: 0.9266 | Val Loss: 0.4289, Val Acc: 0.7225 | LR: 0.00000714
Epoch 105 | Train Loss: 0.2735, Train Acc: 0.9205 | Val Loss: 0.4087, Val Acc: 0.7417 | LR: 0.00000704
Epoch 106 | Train Loss: 0.2707, Train Acc: 0.9196 | Val Loss: 0.4125, Val Acc: 0.7369 | LR: 0.00000706
Epoch 107 | Train Loss: 0.2672, Train Acc: 0.9207 | Val Loss: 0.4019, Val Acc: 0.7478 | LR: 0.00000701
Epoch 108 | Train Loss: 0.2622, Train Acc: 0.9274 | Val Loss: 0.4328, Val Acc: 0.7190 | LR: 0.00000716
Epoch 109 | Train Loss: 0.2661, Train Acc: 0.9239 | Val Loss: 0.4311, Val Acc: 0.7199 | LR: 0.00000716
Epoch 110 | Train Loss: 0.2575, Train Acc: 0.9249 | Val Loss: 0.4110, Val Acc: 0.7385 | LR: 0.00000705
Epoch 111 | Train Loss: 0.2532, Train Acc: 0.9269 | Val Loss: 0.3958, Val Acc: 0.7555 | LR: 0.00000698
Epoch 112 | Train Loss: 0.2578, Train Acc: 0.9239 | Val Loss: 0.4136, Val Acc: 0.7327 | LR: 0.00000707
Epoch 113 | Train Loss: 0.2551, Train Acc: 0.9252 | Val Loss: 0.4094, Val Acc: 0.7424 | LR: 0.00000705
Epoch 114 | Train Loss: 0.2516, Train Acc: 0.9292 | Val Loss: 0.3991, Val Acc: 0.7517 | LR: 0.00000700
Epoch 115 | Train Loss: 0.2501, Train Acc: 0.9267 | Val Loss: 0.4114, Val Acc: 0.7427 | LR: 0.00000706
Epoch 116 | Train Loss: 0.2501, Train Acc: 0.9279 | Val Loss: 0.3937, Val Acc: 0.7576 | LR: 0.00000697
Epoch 117 | Train Loss: 0.2410, Train Acc: 0.9303 | Val Loss: 0.3827, Val Acc: 0.7680 | LR: 0.00000691
Epoch 118 | Train Loss: 0.2407, Train Acc: 0.9314 | Val Loss: 0.3844, Val Acc: 0.7673 | LR: 0.00000692
Epoch 119 | Train Loss: 0.2380, Train Acc: 0.9307 | Val Loss: 0.3985, Val Acc: 0.7543 | LR: 0.00000699
Epoch 120 | Train Loss: 0.2418, Train Acc: 0.9299 | Val Loss: 0.3941, Val Acc: 0.7571 | LR: 0.00000697
Epoch 121 | Train Loss: 0.2322, Train Acc: 0.9350 | Val Loss: 0.3845, Val Acc: 0.7673 | LR: 0.00000692
Epoch 122 | Train Loss: 0.2290, Train Acc: 0.9352 | Val Loss: 0.4149, Val Acc: 0.7364 | LR: 0.00000707
Epoch 123 | Train Loss: 0.2360, Train Acc: 0.9306 | Val Loss: 0.4026, Val Acc: 0.7501 | LR: 0.00000701
Epoch 124 | Train Loss: 0.2261, Train Acc: 0.9332 | Val Loss: 0.3701, Val Acc: 0.7838 | LR: 0.00000685
Epoch 125 | Train Loss: 0.2287, Train Acc: 0.9367 | Val Loss: 0.3936, Val Acc: 0.7538 | LR: 0.00000697
Epoch 126 | Train Loss: 0.2201, Train Acc: 0.9394 | Val Loss: 0.4044, Val Acc: 0.7462 | LR: 0.00000702
Epoch 127 | Train Loss: 0.2218, Train Acc: 0.9368 | Val Loss: 0.4101, Val Acc: 0.7397 | LR: 0.00000705
Epoch 128 | Train Loss: 0.2117, Train Acc: 0.9397 | Val Loss: 0.3742, Val Acc: 0.7794 | LR: 0.00000687
Epoch 129 | Train Loss: 0.2141, Train Acc: 0.9411 | Val Loss: 0.3673, Val Acc: 0.7843 | LR: 0.00000684
Epoch 130 | Train Loss: 0.2111, Train Acc: 0.9393 | Val Loss: 0.4082, Val Acc: 0.7397 | LR: 0.00000704
Epoch 131 | Train Loss: 0.2079, Train Acc: 0.9407 | Val Loss: 0.4518, Val Acc: 0.6978 | LR: 0.00000726
Epoch 132 | Train Loss: 0.2068, Train Acc: 0.9410 | Val Loss: 0.4405, Val Acc: 0.7071 | LR: 0.00000720
Epoch 133 | Train Loss: 0.2093, Train Acc: 0.9397 | Val Loss: 0.4592, Val Acc: 0.6892 | LR: 0.00000730
Epoch 134 | Train Loss: 0.2023, Train Acc: 0.9422 | Val Loss: 0.3994, Val Acc: 0.7466 | LR: 0.00000700
Epoch 135 | Train Loss: 0.2014, Train Acc: 0.9439 | Val Loss: 0.4344, Val Acc: 0.7106 | LR: 0.00000717
Epoch 136 | Train Loss: 0.1991, Train Acc: 0.9458 | Val Loss: 0.4096, Val Acc: 0.7327 | LR: 0.00000705
Epoch 137 | Train Loss: 0.2094, Train Acc: 0.9393 | Val Loss: 0.4427, Val Acc: 0.7029 | LR: 0.00000721
Epoch 138 | Train Loss: 0.2056, Train Acc: 0.9398 | Val Loss: 0.4018, Val Acc: 0.7373 | LR: 0.00000701
Epoch 139 | Train Loss: 0.2032, Train Acc: 0.9423 | Val Loss: 0.4046, Val Acc: 0.7390 | LR: 0.00000702
Epoch 140 | Train Loss: 0.1964, Train Acc: 0.9447 | Val Loss: 0.3601, Val Acc: 0.7931 | LR: 0.00000680
Epoch 141 | Train Loss: 0.1913, Train Acc: 0.9478 | Val Loss: 0.3825, Val Acc: 0.7659 | LR: 0.00000691
Epoch 142 | Train Loss: 0.1929, Train Acc: 0.9433 | Val Loss: 0.3753, Val Acc: 0.7736 | LR: 0.00000688
Epoch 143 | Train Loss: 0.1925, Train Acc: 0.9442 | Val Loss: 0.3570, Val Acc: 0.7952 | LR: 0.00000679
Epoch 144 | Train Loss: 0.1943, Train Acc: 0.9423 | Val Loss: 0.3949, Val Acc: 0.7480 | LR: 0.00000697
Epoch 145 | Train Loss: 0.1842, Train Acc: 0.9489 | Val Loss: 0.3711, Val Acc: 0.7750 | LR: 0.00000686
Epoch 146 | Train Loss: 0.1857, Train Acc: 0.9462 | Val Loss: 0.3078, Val Acc: 0.8473 | LR: 0.00000654
Epoch 147 | Train Loss: 0.1875, Train Acc: 0.9484 | Val Loss: 0.3597, Val Acc: 0.7929 | LR: 0.00000680
Epoch 148 | Train Loss: 0.1831, Train Acc: 0.9464 | Val Loss: 0.3843, Val Acc: 0.7664 | LR: 0.00000692
Epoch 149 | Train Loss: 0.1868, Train Acc: 0.9462 | Val Loss: 0.3721, Val Acc: 0.7778 | LR: 0.00000686
Epoch 150 | Train Loss: 0.1845, Train Acc: 0.9470 | Val Loss: 0.3951, Val Acc: 0.7524 | LR: 0.00000698
Epoch 151 | Train Loss: 0.1771, Train Acc: 0.9508 | Val Loss: 0.3451, Val Acc: 0.8092 | LR: 0.00000673
Epoch 152 | Train Loss: 0.1734, Train Acc: 0.9492 | Val Loss: 0.3351, Val Acc: 0.8192 | LR: 0.00000668
Epoch 153 | Train Loss: 0.1818, Train Acc: 0.9476 | Val Loss: 0.3472, Val Acc: 0.8047 | LR: 0.00000674
Epoch 154 | Train Loss: 0.1779, Train Acc: 0.9480 | Val Loss: 0.3568, Val Acc: 0.7931 | LR: 0.00000678
Epoch 155 | Train Loss: 0.1811, Train Acc: 0.9465 | Val Loss: 0.3158, Val Acc: 0.8394 | LR: 0.00000658
Epoch 156 | Train Loss: 0.1795, Train Acc: 0.9472 | Val Loss: 0.3297, Val Acc: 0.8257 | LR: 0.00000665
Epoch 157 | Train Loss: 0.1811, Train Acc: 0.9451 | Val Loss: 0.3213, Val Acc: 0.8333 | LR: 0.00000661
Epoch 158 | Train Loss: 0.1832, Train Acc: 0.9453 | Val Loss: 0.3187, Val Acc: 0.8361 | LR: 0.00000659
Epoch 159 | Train Loss: 0.1821, Train Acc: 0.9473 | Val Loss: 0.3000, Val Acc: 0.8547 | LR: 0.00000650
Epoch 160 | Train Loss: 0.1750, Train Acc: 0.9495 | Val Loss: 0.2974, Val Acc: 0.8591 | LR: 0.00000649
Epoch 161 | Train Loss: 0.1669, Train Acc: 0.9513 | Val Loss: 0.3110, Val Acc: 0.8445 | LR: 0.00000656
Epoch 162 | Train Loss: 0.1709, Train Acc: 0.9478 | Val Loss: 0.2947, Val Acc: 0.8594 | LR: 0.00000647
Epoch 163 | Train Loss: 0.1661, Train Acc: 0.9528 | Val Loss: 0.2917, Val Acc: 0.8622 | LR: 0.00000646
Epoch 164 | Train Loss: 0.1663, Train Acc: 0.9529 | Val Loss: 0.2872, Val Acc: 0.8661 | LR: 0.00000644
Epoch 165 | Train Loss: 0.1670, Train Acc: 0.9509 | Val Loss: 0.2809, Val Acc: 0.8712 | LR: 0.00000640
Epoch 166 | Train Loss: 0.1660, Train Acc: 0.9521 | Val Loss: 0.2852, Val Acc: 0.8673 | LR: 0.00000643
Epoch 167 | Train Loss: 0.1659, Train Acc: 0.9524 | Val Loss: 0.2559, Val Acc: 0.8940 | LR: 0.00000628
Epoch 168 | Train Loss: 0.1652, Train Acc: 0.9532 | Val Loss: 0.2480, Val Acc: 0.9007 | LR: 0.00000624
Epoch 169 | Train Loss: 0.1645, Train Acc: 0.9523 | Val Loss: 0.2435, Val Acc: 0.9045 | LR: 0.00000622
Epoch 170 | Train Loss: 0.1650, Train Acc: 0.9516 | Val Loss: 0.2662, Val Acc: 0.8826 | LR: 0.00000633
Epoch 171 | Train Loss: 0.1616, Train Acc: 0.9560 | Val Loss: 0.2230, Val Acc: 0.9233 | LR: 0.00000611
Epoch 172 | Train Loss: 0.1635, Train Acc: 0.9492 | Val Loss: 0.2426, Val Acc: 0.9052 | LR: 0.00000621
Epoch 173 | Train Loss: 0.1585, Train Acc: 0.9545 | Val Loss: 0.2274, Val Acc: 0.9191 | LR: 0.00000614
Epoch 174 | Train Loss: 0.1643, Train Acc: 0.9549 | Val Loss: 0.2380, Val Acc: 0.9082 | LR: 0.00000619
Epoch 175 | Train Loss: 0.1505, Train Acc: 0.9592 | Val Loss: 0.1981, Val Acc: 0.9393 | LR: 0.00000599
Epoch 176 | Train Loss: 0.1604, Train Acc: 0.9511 | Val Loss: 0.2172, Val Acc: 0.9270 | LR: 0.00000609
Epoch 177 | Train Loss: 0.1603, Train Acc: 0.9519 | Val Loss: 0.2125, Val Acc: 0.9314 | LR: 0.00000606
Epoch 178 | Train Loss: 0.1616, Train Acc: 0.9541 | Val Loss: 0.2082, Val Acc: 0.9333 | LR: 0.00000604
Epoch 179 | Train Loss: 0.1575, Train Acc: 0.9533 | Val Loss: 0.1802, Val Acc: 0.9528 | LR: 0.00000590
Epoch 180 | Train Loss: 0.1574, Train Acc: 0.9540 | Val Loss: 0.1766, Val Acc: 0.9547 | LR: 0.00000588
Epoch 181 | Train Loss: 0.1519, Train Acc: 0.9547 | Val Loss: 0.1865, Val Acc: 0.9479 | LR: 0.00000593
Epoch 182 | Train Loss: 0.1506, Train Acc: 0.9558 | Val Loss: 0.1900, Val Acc: 0.9447 | LR: 0.00000595
Epoch 183 | Train Loss: 0.1566, Train Acc: 0.9549 | Val Loss: 0.1786, Val Acc: 0.9526 | LR: 0.00000589
Epoch 184 | Train Loss: 0.1539, Train Acc: 0.9560 | Val Loss: 0.1522, Val Acc: 0.9649 | LR: 0.00000576
Epoch 185 | Train Loss: 0.1596, Train Acc: 0.9518 | Val Loss: 0.1533, Val Acc: 0.9647 | LR: 0.00000577
Epoch 186 | Train Loss: 0.1582, Train Acc: 0.9535 | Val Loss: 0.1494, Val Acc: 0.9656 | LR: 0.00000575
Epoch 187 | Train Loss: 0.1552, Train Acc: 0.9540 | Val Loss: 0.1393, Val Acc: 0.9682 | LR: 0.00000570
Epoch 188 | Train Loss: 0.1490, Train Acc: 0.9590 | Val Loss: 0.1429, Val Acc: 0.9672 | LR: 0.00000571
Epoch 189 | Train Loss: 0.1485, Train Acc: 0.9581 | Val Loss: 0.1490, Val Acc: 0.9658 | LR: 0.00000574
Epoch 190 | Train Loss: 0.1494, Train Acc: 0.9556 | Val Loss: 0.1362, Val Acc: 0.9693 | LR: 0.00000568
Epoch 191 | Train Loss: 0.1458, Train Acc: 0.9567 | Val Loss: 0.1264, Val Acc: 0.9716 | LR: 0.00000563
Epoch 192 | Train Loss: 0.1515, Train Acc: 0.9557 | Val Loss: 0.1374, Val Acc: 0.9691 | LR: 0.00000569
Epoch 193 | Train Loss: 0.1485, Train Acc: 0.9577 | Val Loss: 0.1360, Val Acc: 0.9689 | LR: 0.00000568
Epoch 194 | Train Loss: 0.1515, Train Acc: 0.9562 | Val Loss: 0.1206, Val Acc: 0.9721 | LR: 0.00000560
Epoch 195 | Train Loss: 0.1480, Train Acc: 0.9543 | Val Loss: 0.1327, Val Acc: 0.9702 | LR: 0.00000566
Epoch 196 | Train Loss: 0.1432, Train Acc: 0.9599 | Val Loss: 0.1179, Val Acc: 0.9735 | LR: 0.00000559
Epoch 197 | Train Loss: 0.1464, Train Acc: 0.9587 | Val Loss: 0.1150, Val Acc: 0.9721 | LR: 0.00000557
Epoch 198 | Train Loss: 0.1458, Train Acc: 0.9574 | Val Loss: 0.1142, Val Acc: 0.9726 | LR: 0.00000557
Epoch 199 | Train Loss: 0.1447, Train Acc: 0.9569 | Val Loss: 0.1126, Val Acc: 0.9728 | LR: 0.00000556
Epoch 200 | Train Loss: 0.1451, Train Acc: 0.9584 | Val Loss: 0.1099, Val Acc: 0.9719 | LR: 0.00000555
Epoch 201 | Train Loss: 0.1451, Train Acc: 0.9555 | Val Loss: 0.1080, Val Acc: 0.9719 | LR: 0.00000554
Epoch 202 | Train Loss: 0.1488, Train Acc: 0.9579 | Val Loss: 0.1155, Val Acc: 0.9721 | LR: 0.00000558
Epoch 203 | Train Loss: 0.1405, Train Acc: 0.9607 | Val Loss: 0.1106, Val Acc: 0.9719 | LR: 0.00000555
Epoch 204 | Train Loss: 0.1405, Train Acc: 0.9572 | Val Loss: 0.1054, Val Acc: 0.9728 | LR: 0.00000553
Epoch 205 | Train Loss: 0.1376, Train Acc: 0.9600 | Val Loss: 0.1043, Val Acc: 0.9728 | LR: 0.00000552
Epoch 206 | Train Loss: 0.1385, Train Acc: 0.9607 | Val Loss: 0.1013, Val Acc: 0.9719 | LR: 0.00000551
Epoch 207 | Train Loss: 0.1302, Train Acc: 0.9632 | Val Loss: 0.1017, Val Acc: 0.9721 | LR: 0.00000551
Epoch 208 | Train Loss: 0.1374, Train Acc: 0.9598 | Val Loss: 0.1029, Val Acc: 0.9730 | LR: 0.00000551
Epoch 209 | Train Loss: 0.1361, Train Acc: 0.9601 | Val Loss: 0.1001, Val Acc: 0.9709 | LR: 0.00000550
Epoch 210 | Train Loss: 0.1365, Train Acc: 0.9580 | Val Loss: 0.1021, Val Acc: 0.9691 | LR: 0.00000551
Epoch 211 | Train Loss: 0.1353, Train Acc: 0.9600 | Val Loss: 0.1018, Val Acc: 0.9689 | LR: 0.00000551
Epoch 212 | Train Loss: 0.1346, Train Acc: 0.9595 | Val Loss: 0.1019, Val Acc: 0.9698 | LR: 0.00000551
Epoch 213 | Train Loss: 0.1332, Train Acc: 0.9620 | Val Loss: 0.0988, Val Acc: 0.9684 | LR: 0.00000549
Epoch 214 | Train Loss: 0.1344, Train Acc: 0.9589 | Val Loss: 0.0965, Val Acc: 0.9716 | LR: 0.00000548
Epoch 215 | Train Loss: 0.1360, Train Acc: 0.9600 | Val Loss: 0.0973, Val Acc: 0.9691 | LR: 0.00000549
Epoch 216 | Train Loss: 0.1307, Train Acc: 0.9592 | Val Loss: 0.0958, Val Acc: 0.9707 | LR: 0.00000548
Epoch 217 | Train Loss: 0.1327, Train Acc: 0.9616 | Val Loss: 0.0964, Val Acc: 0.9679 | LR: 0.00000548
Epoch 218 | Train Loss: 0.1320, Train Acc: 0.9607 | Val Loss: 0.0946, Val Acc: 0.9693 | LR: 0.00000547
Epoch 219 | Train Loss: 0.1294, Train Acc: 0.9635 | Val Loss: 0.0970, Val Acc: 0.9684 | LR: 0.00000548
Epoch 220 | Train Loss: 0.1301, Train Acc: 0.9616 | Val Loss: 0.0934, Val Acc: 0.9707 | LR: 0.00000547
Epoch 221 | Train Loss: 0.1276, Train Acc: 0.9637 | Val Loss: 0.0985, Val Acc: 0.9649 | LR: 0.00000549
Epoch 222 | Train Loss: 0.1292, Train Acc: 0.9619 | Val Loss: 0.0955, Val Acc: 0.9740 | LR: 0.00000548
Epoch 223 | Train Loss: 0.1293, Train Acc: 0.9634 | Val Loss: 0.0956, Val Acc: 0.9686 | LR: 0.00000548
Epoch 224 | Train Loss: 0.1256, Train Acc: 0.9638 | Val Loss: 0.0987, Val Acc: 0.9658 | LR: 0.00000549
Epoch 225 | Train Loss: 0.1304, Train Acc: 0.9608 | Val Loss: 0.0994, Val Acc: 0.9640 | LR: 0.00000550
Epoch 226 | Train Loss: 0.1284, Train Acc: 0.9610 | Val Loss: 0.0964, Val Acc: 0.9654 | LR: 0.00000548
Epoch 227 | Train Loss: 0.1297, Train Acc: 0.9626 | Val Loss: 0.1007, Val Acc: 0.9635 | LR: 0.00000550
Epoch 228 | Train Loss: 0.1305, Train Acc: 0.9631 | Val Loss: 0.0926, Val Acc: 0.9702 | LR: 0.00000546
Epoch 229 | Train Loss: 0.1243, Train Acc: 0.9632 | Val Loss: 0.0948, Val Acc: 0.9665 | LR: 0.00000547
Epoch 230 | Train Loss: 0.1244, Train Acc: 0.9637 | Val Loss: 0.0961, Val Acc: 0.9656 | LR: 0.00000548
Epoch 231 | Train Loss: 0.1303, Train Acc: 0.9602 | Val Loss: 0.0992, Val Acc: 0.9642 | LR: 0.00000550
Epoch 232 | Train Loss: 0.1236, Train Acc: 0.9645 | Val Loss: 0.0997, Val Acc: 0.9642 | LR: 0.00000550
Epoch 233 | Train Loss: 0.1333, Train Acc: 0.9601 | Val Loss: 0.1021, Val Acc: 0.9628 | LR: 0.00000551
Epoch 234 | Train Loss: 0.1287, Train Acc: 0.9623 | Val Loss: 0.0946, Val Acc: 0.9661 | LR: 0.00000547
Epoch 235 | Train Loss: 0.1212, Train Acc: 0.9648 | Val Loss: 0.0931, Val Acc: 0.9665 | LR: 0.00000547
Epoch 236 | Train Loss: 0.1255, Train Acc: 0.9636 | Val Loss: 0.0997, Val Acc: 0.9640 | LR: 0.00000550
Epoch 237 | Train Loss: 0.1271, Train Acc: 0.9645 | Val Loss: 0.1013, Val Acc: 0.9630 | LR: 0.00000551
Epoch 238 | Train Loss: 0.1235, Train Acc: 0.9631 | Val Loss: 0.1029, Val Acc: 0.9630 | LR: 0.00000551
Epoch 239 | Train Loss: 0.1236, Train Acc: 0.9641 | Val Loss: 0.0991, Val Acc: 0.9637 | LR: 0.00000550
Epoch 240 | Train Loss: 0.1270, Train Acc: 0.9629 | Val Loss: 0.0957, Val Acc: 0.9668 | LR: 0.00000548
Epoch 241 | Train Loss: 0.1181, Train Acc: 0.9679 | Val Loss: 0.1005, Val Acc: 0.9635 | LR: 0.00000550
Epoch 242 | Train Loss: 0.1254, Train Acc: 0.9628 | Val Loss: 0.0952, Val Acc: 0.9651 | LR: 0.00000548
Epoch 243 | Train Loss: 0.1215, Train Acc: 0.9645 | Val Loss: 0.0980, Val Acc: 0.9640 | LR: 0.00000549
Epoch 244 | Train Loss: 0.1206, Train Acc: 0.9659 | Val Loss: 0.0981, Val Acc: 0.9644 | LR: 0.00000549
Epoch 245 | Train Loss: 0.1265, Train Acc: 0.9605 | Val Loss: 0.0950, Val Acc: 0.9649 | LR: 0.00000548
Epoch 246 | Train Loss: 0.1223, Train Acc: 0.9645 | Val Loss: 0.0982, Val Acc: 0.9637 | LR: 0.00000549
Epoch 247 | Train Loss: 0.1207, Train Acc: 0.9649 | Val Loss: 0.1032, Val Acc: 0.9621 | LR: 0.00000552
Epoch 248 | Train Loss: 0.1178, Train Acc: 0.9658 | Val Loss: 0.0928, Val Acc: 0.9663 | LR: 0.00000546
Epoch 249 | Train Loss: 0.1276, Train Acc: 0.9625 | Val Loss: 0.0918, Val Acc: 0.9677 | LR: 0.00000546
Epoch 250 | Train Loss: 0.1222, Train Acc: 0.9639 | Val Loss: 0.1020, Val Acc: 0.9630 | LR: 0.00000551
Epoch 251 | Train Loss: 0.1161, Train Acc: 0.9675 | Val Loss: 0.0911, Val Acc: 0.9675 | LR: 0.00000546
Epoch 252 | Train Loss: 0.1189, Train Acc: 0.9659 | Val Loss: 0.1020, Val Acc: 0.9628 | LR: 0.00000551
Epoch 253 | Train Loss: 0.1170, Train Acc: 0.9654 | Val Loss: 0.1039, Val Acc: 0.9616 | LR: 0.00000552
Epoch 254 | Train Loss: 0.1188, Train Acc: 0.9643 | Val Loss: 0.0928, Val Acc: 0.9663 | LR: 0.00000546
Epoch 255 | Train Loss: 0.1163, Train Acc: 0.9669 | Val Loss: 0.1066, Val Acc: 0.9603 | LR: 0.00000553
Epoch 256 | Train Loss: 0.1158, Train Acc: 0.9652 | Val Loss: 0.0948, Val Acc: 0.9649 | LR: 0.00000547
Epoch 257 | Train Loss: 0.1158, Train Acc: 0.9649 | Val Loss: 0.0900, Val Acc: 0.9670 | LR: 0.00000545
Epoch 258 | Train Loss: 0.1172, Train Acc: 0.9632 | Val Loss: 0.1008, Val Acc: 0.9626 | LR: 0.00000550
Epoch 259 | Train Loss: 0.1161, Train Acc: 0.9664 | Val Loss: 0.1053, Val Acc: 0.9614 | LR: 0.00000553
Epoch 260 | Train Loss: 0.1181, Train Acc: 0.9630 | Val Loss: 0.1014, Val Acc: 0.9628 | LR: 0.00000551
Epoch 261 | Train Loss: 0.1137, Train Acc: 0.9647 | Val Loss: 0.0991, Val Acc: 0.9642 | LR: 0.00000550
Epoch 262 | Train Loss: 0.1141, Train Acc: 0.9664 | Val Loss: 0.1000, Val Acc: 0.9635 | LR: 0.00000550
Epoch 263 | Train Loss: 0.1198, Train Acc: 0.9629 | Val Loss: 0.1086, Val Acc: 0.9589 | LR: 0.00000554
Epoch 264 | Train Loss: 0.1141, Train Acc: 0.9663 | Val Loss: 0.0911, Val Acc: 0.9672 | LR: 0.00000546
Epoch 265 | Train Loss: 0.1096, Train Acc: 0.9684 | Val Loss: 0.1021, Val Acc: 0.9633 | LR: 0.00000551
Epoch 266 | Train Loss: 0.1107, Train Acc: 0.9683 | Val Loss: 0.1001, Val Acc: 0.9640 | LR: 0.00000550
Epoch 267 | Train Loss: 0.1178, Train Acc: 0.9651 | Val Loss: 0.0963, Val Acc: 0.9651 | LR: 0.00000548
Epoch 268 | Train Loss: 0.1083, Train Acc: 0.9673 | Val Loss: 0.0950, Val Acc: 0.9649 | LR: 0.00000548
Epoch 269 | Train Loss: 0.1194, Train Acc: 0.9628 | Val Loss: 0.1051, Val Acc: 0.9612 | LR: 0.00000553
Epoch 270 | Train Loss: 0.1133, Train Acc: 0.9669 | Val Loss: 0.0934, Val Acc: 0.9661 | LR: 0.00000547
Epoch 271 | Train Loss: 0.1060, Train Acc: 0.9696 | Val Loss: 0.0989, Val Acc: 0.9642 | LR: 0.00000549
Epoch 272 | Train Loss: 0.1179, Train Acc: 0.9627 | Val Loss: 0.1012, Val Acc: 0.9635 | LR: 0.00000551
Epoch 273 | Train Loss: 0.1162, Train Acc: 0.9641 | Val Loss: 0.0961, Val Acc: 0.9654 | LR: 0.00000548
Epoch 274 | Train Loss: 0.1096, Train Acc: 0.9678 | Val Loss: 0.1012, Val Acc: 0.9630 | LR: 0.00000551
Epoch 275 | Train Loss: 0.1192, Train Acc: 0.9636 | Val Loss: 0.0980, Val Acc: 0.9651 | LR: 0.00000549
Epoch 276 | Train Loss: 0.1118, Train Acc: 0.9673 | Val Loss: 0.1072, Val Acc: 0.9598 | LR: 0.00000554
Epoch 277 | Train Loss: 0.1122, Train Acc: 0.9654 | Val Loss: 0.1164, Val Acc: 0.9568 | LR: 0.00000558
Epoch 278 | Train Loss: 0.1126, Train Acc: 0.9646 | Val Loss: 0.0979, Val Acc: 0.9647 | LR: 0.00000549
Epoch 279 | Train Loss: 0.1122, Train Acc: 0.9673 | Val Loss: 0.1027, Val Acc: 0.9621 | LR: 0.00000551
Epoch 280 | Train Loss: 0.1059, Train Acc: 0.9678 | Val Loss: 0.0993, Val Acc: 0.9635 | LR: 0.00000550
Epoch 281 | Train Loss: 0.1129, Train Acc: 0.9663 | Val Loss: 0.0936, Val Acc: 0.9663 | LR: 0.00000547
Epoch 282 | Train Loss: 0.1156, Train Acc: 0.9642 | Val Loss: 0.1194, Val Acc: 0.9554 | LR: 0.00000560
Epoch 283 | Train Loss: 0.1070, Train Acc: 0.9686 | Val Loss: 0.1130, Val Acc: 0.9577 | LR: 0.00000557
Epoch 284 | Train Loss: 0.1130, Train Acc: 0.9658 | Val Loss: 0.0937, Val Acc: 0.9656 | LR: 0.00000547
Epoch 285 | Train Loss: 0.1111, Train Acc: 0.9681 | Val Loss: 0.0938, Val Acc: 0.9658 | LR: 0.00000547
Epoch 286 | Train Loss: 0.1056, Train Acc: 0.9700 | Val Loss: 0.1050, Val Acc: 0.9607 | LR: 0.00000553
Epoch 287 | Train Loss: 0.1120, Train Acc: 0.9659 | Val Loss: 0.0955, Val Acc: 0.9654 | LR: 0.00000548
Epoch 288 | Train Loss: 0.1110, Train Acc: 0.9663 | Val Loss: 0.1015, Val Acc: 0.9626 | LR: 0.00000551
Epoch 289 | Train Loss: 0.1083, Train Acc: 0.9664 | Val Loss: 0.1072, Val Acc: 0.9596 | LR: 0.00000554
Epoch 290 | Train Loss: 0.1095, Train Acc: 0.9686 | Val Loss: 0.0890, Val Acc: 0.9672 | LR: 0.00000544
Epoch 291 | Train Loss: 0.1096, Train Acc: 0.9660 | Val Loss: 0.1094, Val Acc: 0.9582 | LR: 0.00000555
Epoch 292 | Train Loss: 0.1065, Train Acc: 0.9684 | Val Loss: 0.0954, Val Acc: 0.9654 | LR: 0.00000548
Epoch 293 | Train Loss: 0.1089, Train Acc: 0.9671 | Val Loss: 0.1096, Val Acc: 0.9584 | LR: 0.00000555
Epoch 294 | Train Loss: 0.1097, Train Acc: 0.9668 | Val Loss: 0.1135, Val Acc: 0.9570 | LR: 0.00000557
Epoch 295 | Train Loss: 0.1086, Train Acc: 0.9661 | Val Loss: 0.1005, Val Acc: 0.9626 | LR: 0.00000550
Epoch 296 | Train Loss: 0.1033, Train Acc: 0.9685 | Val Loss: 0.0940, Val Acc: 0.9649 | LR: 0.00000547
Epoch 297 | Train Loss: 0.1045, Train Acc: 0.9698 | Val Loss: 0.1016, Val Acc: 0.9619 | LR: 0.00000551
Epoch 298 | Train Loss: 0.1044, Train Acc: 0.9690 | Val Loss: 0.1011, Val Acc: 0.9616 | LR: 0.00000551
Epoch 299 | Train Loss: 0.1018, Train Acc: 0.9707 | Val Loss: 0.1143, Val Acc: 0.9568 | LR: 0.00000557
Epoch 300 | Train Loss: 0.1034, Train Acc: 0.9690 | Val Loss: 0.1062, Val Acc: 0.9591 | LR: 0.00000553
Epoch 301 | Train Loss: 0.1060, Train Acc: 0.9691 | Val Loss: 0.1010, Val Acc: 0.9619 | LR: 0.00000551
Epoch 302 | Train Loss: 0.1025, Train Acc: 0.9702 | Val Loss: 0.1000, Val Acc: 0.9633 | LR: 0.00000550
Epoch 303 | Train Loss: 0.1068, Train Acc: 0.9680 | Val Loss: 0.1166, Val Acc: 0.9558 | LR: 0.00000558
Epoch 304 | Train Loss: 0.1050, Train Acc: 0.9699 | Val Loss: 0.1049, Val Acc: 0.9605 | LR: 0.00000552
Epoch 305 | Train Loss: 0.1085, Train Acc: 0.9673 | Val Loss: 0.1040, Val Acc: 0.9607 | LR: 0.00000552
Epoch 306 | Train Loss: 0.1041, Train Acc: 0.9684 | Val Loss: 0.1002, Val Acc: 0.9633 | LR: 0.00000550
Epoch 307 | Train Loss: 0.1020, Train Acc: 0.9706 | Val Loss: 0.1020, Val Acc: 0.9612 | LR: 0.00000551
Epoch 308 | Train Loss: 0.1110, Train Acc: 0.9652 | Val Loss: 0.1100, Val Acc: 0.9582 | LR: 0.00000555
Epoch 309 | Train Loss: 0.0998, Train Acc: 0.9701 | Val Loss: 0.0989, Val Acc: 0.9635 | LR: 0.00000549
Epoch 310 | Train Loss: 0.1047, Train Acc: 0.9675 | Val Loss: 0.1035, Val Acc: 0.9614 | LR: 0.00000552
Epoch 311 | Train Loss: 0.1102, Train Acc: 0.9664 | Val Loss: 0.1217, Val Acc: 0.9530 | LR: 0.00000561
Epoch 312 | Train Loss: 0.1012, Train Acc: 0.9695 | Val Loss: 0.0988, Val Acc: 0.9630 | LR: 0.00000549
Epoch 313 | Train Loss: 0.1009, Train Acc: 0.9689 | Val Loss: 0.0959, Val Acc: 0.9651 | LR: 0.00000548
Epoch 314 | Train Loss: 0.1006, Train Acc: 0.9676 | Val Loss: 0.1018, Val Acc: 0.9619 | LR: 0.00000551
Epoch 315 | Train Loss: 0.1075, Train Acc: 0.9662 | Val Loss: 0.0964, Val Acc: 0.9642 | LR: 0.00000548
Epoch 316 | Train Loss: 0.0985, Train Acc: 0.9716 | Val Loss: 0.1196, Val Acc: 0.9547 | LR: 0.00000560
Epoch 317 | Train Loss: 0.1043, Train Acc: 0.9678 | Val Loss: 0.1241, Val Acc: 0.9530 | LR: 0.00000562
Epoch 318 | Train Loss: 0.1036, Train Acc: 0.9681 | Val Loss: 0.1008, Val Acc: 0.9619 | LR: 0.00000550
Epoch 319 | Train Loss: 0.1040, Train Acc: 0.9656 | Val Loss: 0.1021, Val Acc: 0.9616 | LR: 0.00000551
Epoch 320 | Train Loss: 0.1015, Train Acc: 0.9707 | Val Loss: 0.1126, Val Acc: 0.9575 | LR: 0.00000556
Epoch 321 | Train Loss: 0.1038, Train Acc: 0.9686 | Val Loss: 0.1026, Val Acc: 0.9612 | LR: 0.00000551
Epoch 322 | Train Loss: 0.1006, Train Acc: 0.9682 | Val Loss: 0.1095, Val Acc: 0.9579 | LR: 0.00000555
Epoch 323 | Train Loss: 0.0993, Train Acc: 0.9698 | Val Loss: 0.1049, Val Acc: 0.9596 | LR: 0.00000552
Epoch 324 | Train Loss: 0.1014, Train Acc: 0.9701 | Val Loss: 0.0924, Val Acc: 0.9658 | LR: 0.00000546
Epoch 325 | Train Loss: 0.0969, Train Acc: 0.9699 | Val Loss: 0.1077, Val Acc: 0.9586 | LR: 0.00000554
Epoch 326 | Train Loss: 0.0997, Train Acc: 0.9712 | Val Loss: 0.1028, Val Acc: 0.9609 | LR: 0.00000551
Epoch 327 | Train Loss: 0.1041, Train Acc: 0.9709 | Val Loss: 0.1013, Val Acc: 0.9614 | LR: 0.00000551
Epoch 328 | Train Loss: 0.1025, Train Acc: 0.9698 | Val Loss: 0.1087, Val Acc: 0.9582 | LR: 0.00000554
Epoch 329 | Train Loss: 0.1026, Train Acc: 0.9678 | Val Loss: 0.1080, Val Acc: 0.9591 | LR: 0.00000554
Epoch 330 | Train Loss: 0.1001, Train Acc: 0.9711 | Val Loss: 0.1188, Val Acc: 0.9551 | LR: 0.00000559
Epoch 331 | Train Loss: 0.1008, Train Acc: 0.9688 | Val Loss: 0.1008, Val Acc: 0.9616 | LR: 0.00000550
Epoch 332 | Train Loss: 0.0983, Train Acc: 0.9709 | Val Loss: 0.1028, Val Acc: 0.9609 | LR: 0.00000551
Epoch 333 | Train Loss: 0.1024, Train Acc: 0.9667 | Val Loss: 0.1016, Val Acc: 0.9614 | LR: 0.00000551
Epoch 334 | Train Loss: 0.1000, Train Acc: 0.9692 | Val Loss: 0.1190, Val Acc: 0.9554 | LR: 0.00000559
Epoch 335 | Train Loss: 0.1022, Train Acc: 0.9673 | Val Loss: 0.0981, Val Acc: 0.9630 | LR: 0.00000549
Epoch 336 | Train Loss: 0.1005, Train Acc: 0.9679 | Val Loss: 0.1082, Val Acc: 0.9584 | LR: 0.00000554
Epoch 337 | Train Loss: 0.0919, Train Acc: 0.9742 | Val Loss: 0.1114, Val Acc: 0.9584 | LR: 0.00000556
Epoch 338 | Train Loss: 0.1020, Train Acc: 0.9702 | Val Loss: 0.1083, Val Acc: 0.9584 | LR: 0.00000554
Epoch 339 | Train Loss: 0.1005, Train Acc: 0.9702 | Val Loss: 0.1003, Val Acc: 0.9619 | LR: 0.00000550
Epoch 340 | Train Loss: 0.0999, Train Acc: 0.9718 | Val Loss: 0.1247, Val Acc: 0.9519 | LR: 0.00000562
Early stopping at epoch 340 (no improvement for 50 epochs)
Test Loss: 2.6220, Test Acc: 0.1293
Confusion matrix per tumor_id:
CRC1502: TP=218, FP=0, FN=4608, TN=0
CRC0322: TP=0, FP=2124, FN=0, TN=782
